#
# There is insufficient memory for the Java Runtime Environment to continue.
# Native memory allocation (malloc) failed to allocate 960656 bytes for Chunk::new
# Possible reasons:
#   The system is out of physical RAM or swap space
#   The process is running with CompressedOops enabled, and the Java Heap may be blocking the growth of the native heap
# Possible solutions:
#   Reduce memory load on the system
#   Increase physical memory or swap space
#   Check if swap backing store is full
#   Decrease Java heap size (-Xmx/-Xms)
#   Decrease number of Java threads
#   Decrease Java thread stack sizes (-Xss)
#   Set larger code cache with -XX:ReservedCodeCacheSize=
#   JVM is running with Unscaled Compressed Oops mode in which the Java heap is
#     placed in the first 4GB address space. The Java Heap base address is the
#     maximum limit for the native heap growth. Please use -XX:HeapBaseMinAddress
#     to set the Java Heap base and to place the Java Heap above 4GB virtual address.
# This output file may be truncated or incomplete.
#
#  Out of Memory Error (./src/hotspot/share/memory/arena.cpp:197), pid=11620, tid=12804
#
# JRE version: OpenJDK Runtime Environment (11.0.11+9) (build 11.0.11+9-b60-7590822)
# Java VM: OpenJDK 64-Bit Server VM (11.0.11+9-b60-7590822, mixed mode, tiered, compressed oops, g1 gc, windows-amd64)
# No core dump will be written. Minidumps are not enabled by default on client versions of Windows
#

---------------  S U M M A R Y ------------

Command Line: --add-opens=java.base/java.util=ALL-UNNAMED --add-opens=java.base/java.lang=ALL-UNNAMED --add-opens=java.base/java.lang.invoke=ALL-UNNAMED --add-opens=java.base/java.util=ALL-UNNAMED --add-opens=java.prefs/java.util.prefs=ALL-UNNAMED --add-opens=java.prefs/java.util.prefs=ALL-UNNAMED --add-opens=java.base/java.nio.charset=ALL-UNNAMED --add-opens=java.base/java.net=ALL-UNNAMED --add-opens=java.base/java.util.concurrent.atomic=ALL-UNNAMED -Xmx2048m -Dfile.encoding=UTF-8 -Duser.country=US -Duser.language=en -Duser.variant org.gradle.launcher.daemon.bootstrap.GradleDaemon 7.2

Host: Intel(R) Core(TM) i7-10510U CPU @ 1.80GHz, 8 cores, 7G,  Windows 10 , 64 bit Build 22000 (10.0.22000.613)
Time: Tue May 24 19:06:19 2022 GTB Daylight Time elapsed time: 21.916076 seconds (0d 0h 0m 21s)

---------------  T H R E A D  ---------------

Current thread (0x0000021021b6d000):  JavaThread "C2 CompilerThread0" daemon [_thread_in_native, id=12804, stack(0x000000145f100000,0x000000145f200000)]


Current CompileTask:
C2:  21916 12341       4       java.lang.Class::annotationData (44 bytes)

Stack: [0x000000145f100000,0x000000145f200000]
Native frames: (J=compiled Java code, j=interpreted, Vv=VM code, C=native code)
V  [jvm.dll+0x5f214a]
V  [jvm.dll+0x726fb5]
V  [jvm.dll+0x7285cd]
V  [jvm.dll+0x728c83]
V  [jvm.dll+0x243278]
V  [jvm.dll+0xbc53c]
V  [jvm.dll+0xbca3c]
V  [jvm.dll+0x353e3b]
V  [jvm.dll+0x1985c7]
V  [jvm.dll+0x1fc2ee]
V  [jvm.dll+0x1fb3d4]
V  [jvm.dll+0x183d6c]
V  [jvm.dll+0x209a57]
V  [jvm.dll+0x2082a1]
V  [jvm.dll+0x6ef58f]
V  [jvm.dll+0x6e80b5]
V  [jvm.dll+0x5f1036]
C  [ucrtbase.dll+0x26c0c]
C  [KERNEL32.DLL+0x154e0]
C  [ntdll.dll+0x485b]


---------------  P R O C E S S  ---------------

Threads class SMR info:
_java_thread_list=0x000002102c7ba1b0, length=130, elements={
0x00000210076cf800, 0x0000021021b46800, 0x0000021021b4f800, 0x0000021021b62800,
0x0000021021b63800, 0x0000021021b67000, 0x0000021021b6d000, 0x0000021021b6f800,
0x00000210224d2800, 0x000002102264a800, 0x0000021025487000, 0x00000210246ff000,
0x0000021022912000, 0x00000210249ba800, 0x00000210254c9800, 0x0000021024931000,
0x0000021024932000, 0x0000021024933800, 0x0000021024932800, 0x000002102492f800,
0x00000210275c9800, 0x00000210275ca800, 0x00000210275c7800, 0x00000210275cd000,
0x00000210275d2800, 0x0000021029823800, 0x000002102981d800, 0x0000021029824000,
0x0000021029827800, 0x0000021029826800, 0x0000021029828800, 0x000002102382e800,
0x0000021025866000, 0x000002102586a000, 0x0000021025866800, 0x0000021025864000,
0x000002102586a800, 0x0000021025865000, 0x000002102586d000, 0x000002102382d000,
0x0000021023832000, 0x000002102382f800, 0x0000021023830000, 0x0000021023831000,
0x0000021023832800, 0x0000021023833800, 0x000002102382d800, 0x0000021023835000,
0x0000021023836800, 0x000002102383a000, 0x0000021023834000, 0x0000021023837800,
0x0000021023838800, 0x000002102383b000, 0x0000021023839000, 0x000002102383b800,
0x0000021023836000, 0x000002102981d000, 0x0000021029821000, 0x000002102981e800,
0x0000021029821800, 0x0000021029822800, 0x000002102981f800, 0x0000021029826000,
0x0000021029820000, 0x0000021029829000, 0x000002102982a800, 0x000002102982a000,
0x000002102982b800, 0x0000021025867800, 0x0000021025868000, 0x0000021025863800,
0x000002102586c800, 0x000002102586e000, 0x0000021025869000, 0x000002102586f000,
0x000002102586f800, 0x0000021025870800, 0x0000021025871000, 0x000002102586b800,
0x0000021025872000, 0x00000210275ce800, 0x00000210275c9000, 0x00000210275d3800,
0x00000210275d2000, 0x00000210275cf800, 0x00000210275d4800, 0x00000210275d5000,
0x00000210275d6000, 0x00000210275d0800, 0x00000210275d1000, 0x0000021024934000,
0x000002102492e800, 0x0000021024935000, 0x0000021024930000, 0x0000021025778000,
0x0000021025775000, 0x0000021025779000, 0x0000021025774000, 0x0000021025776800,
0x0000021025775800, 0x0000021025777800, 0x0000021025773000, 0x000002102577b800,
0x000002102577e800, 0x0000021025779800, 0x000002102577f800, 0x000002102577c000,
0x000002102577d000, 0x0000021025780800, 0x000002102577e000, 0x000002102577a800,
0x0000021025781000, 0x0000021025782000, 0x0000021023358000, 0x000002102335a800,
0x000002102335b800, 0x000002102335c000, 0x0000021023356800, 0x000002102335d000,
0x0000021023357800, 0x000002102335a000, 0x0000021023359000, 0x000002102a376000,
0x000002102a374800, 0x000002102a377800, 0x000002102a378800, 0x000002102a372800,
0x000002102a377000, 0x000002102a379000
}

Java Threads: ( => current thread )
  0x00000210076cf800 JavaThread "main" [_thread_blocked, id=19372, stack(0x000000145e500000,0x000000145e600000)]
  0x0000021021b46800 JavaThread "Reference Handler" daemon [_thread_blocked, id=8100, stack(0x000000145ec00000,0x000000145ed00000)]
  0x0000021021b4f800 JavaThread "Finalizer" daemon [_thread_blocked, id=18072, stack(0x000000145ed00000,0x000000145ee00000)]
  0x0000021021b62800 JavaThread "Signal Dispatcher" daemon [_thread_blocked, id=13788, stack(0x000000145ee00000,0x000000145ef00000)]
  0x0000021021b63800 JavaThread "Attach Listener" daemon [_thread_blocked, id=18520, stack(0x000000145ef00000,0x000000145f000000)]
  0x0000021021b67000 JavaThread "Service Thread" daemon [_thread_blocked, id=17240, stack(0x000000145f000000,0x000000145f100000)]
=>0x0000021021b6d000 JavaThread "C2 CompilerThread0" daemon [_thread_in_native, id=12804, stack(0x000000145f100000,0x000000145f200000)]
  0x0000021021b6f800 JavaThread "C1 CompilerThread0" daemon [_thread_blocked, id=11888, stack(0x000000145f200000,0x000000145f300000)]
  0x00000210224d2800 JavaThread "Sweeper thread" daemon [_thread_blocked, id=10768, stack(0x000000145f300000,0x000000145f400000)]
  0x000002102264a800 JavaThread "Common-Cleaner" daemon [_thread_blocked, id=6240, stack(0x000000145f400000,0x000000145f500000)]
  0x0000021025487000 JavaThread "Daemon health stats" [_thread_blocked, id=17788, stack(0x000000145f900000,0x000000145fa00000)]
  0x00000210246ff000 JavaThread "Incoming local TCP Connector on port 52264" [_thread_in_native, id=17924, stack(0x000000145f600000,0x000000145f700000)]
  0x0000021022912000 JavaThread "Daemon periodic checks" [_thread_blocked, id=7972, stack(0x000000145fa00000,0x000000145fb00000)]
  0x00000210249ba800 JavaThread "Daemon" [_thread_blocked, id=17228, stack(0x000000145fb00000,0x000000145fc00000)]
  0x00000210254c9800 JavaThread "Daemon worker" [_thread_in_vm, id=4996, stack(0x000000145fe00000,0x000000145ff00000)]
  0x0000021024931000 JavaThread "Cache worker for journal cache (C:\Users\Miruna\.gradle\caches\journal-1)" [_thread_blocked, id=17400, stack(0x0000001460800000,0x0000001460900000)]
  0x0000021024932000 JavaThread "File lock request listener" [_thread_in_native, id=15528, stack(0x0000001460900000,0x0000001460a00000)]
  0x0000021024933800 JavaThread "Cache worker for file hash cache (C:\Users\Miruna\.gradle\caches\7.2\fileHashes)" [_thread_blocked, id=5004, stack(0x0000001460a00000,0x0000001460b00000)]
  0x0000021024932800 JavaThread "File watcher server" daemon [_thread_in_native, id=14960, stack(0x0000001460d00000,0x0000001460e00000)]
  0x000002102492f800 JavaThread "File watcher consumer" daemon [_thread_blocked, id=14216, stack(0x0000001460e00000,0x0000001460f00000)]
  0x00000210275c9800 JavaThread "Cache worker for execution history cache (C:\Users\Miruna\.gradle\caches\7.2\executionHistory)" [_thread_blocked, id=11268, stack(0x0000001461200000,0x0000001461300000)]
  0x00000210275ca800 JavaThread "jar transforms" [_thread_blocked, id=17468, stack(0x0000001461300000,0x0000001461400000)]
  0x00000210275c7800 JavaThread "Cache worker for file content cache (C:\Users\Miruna\.gradle\caches\7.2\fileContent)" [_thread_blocked, id=5556, stack(0x0000001461400000,0x0000001461500000)]
  0x00000210275cd000 JavaThread "jar transforms Thread 2" [_thread_blocked, id=1476, stack(0x0000001461500000,0x0000001461600000)]
  0x00000210275d2800 JavaThread "jar transforms Thread 3" [_thread_blocked, id=5240, stack(0x0000001461700000,0x0000001461800000)]
  0x0000021029823800 JavaThread "jar transforms Thread 4" [_thread_blocked, id=17140, stack(0x0000001466900000,0x0000001466a00000)]
  0x000002102981d800 JavaThread "jar transforms Thread 5" [_thread_blocked, id=16680, stack(0x0000001466a00000,0x0000001466b00000)]
  0x0000021029824000 JavaThread "jar transforms Thread 6" [_thread_blocked, id=2708, stack(0x0000001466b00000,0x0000001466c00000)]
  0x0000021029827800 JavaThread "jar transforms Thread 7" [_thread_blocked, id=5448, stack(0x0000001466c00000,0x0000001466d00000)]
  0x0000021029826800 JavaThread "jar transforms Thread 8" [_thread_blocked, id=10284, stack(0x0000001466d00000,0x0000001466e00000)]
  0x0000021029828800 JavaThread "Memory manager" [_thread_blocked, id=7552, stack(0x0000001460200000,0x0000001460300000)]
  0x000002102382e800 JavaThread "Cache worker for Java compile cache (C:\Users\Miruna\.gradle\caches\7.2\javaCompile)" [_thread_blocked, id=12916, stack(0x0000001467700000,0x0000001467800000)]
  0x0000021025866000 JavaThread "ForkJoinPool.commonPool-worker-3" daemon [_thread_blocked, id=10320, stack(0x0000001468900000,0x0000001468a00000)]
  0x000002102586a000 JavaThread "ForkJoinPool.commonPool-worker-5" daemon [_thread_blocked, id=16424, stack(0x0000001468a00000,0x0000001468b00000)]
  0x0000021025866800 JavaThread "ForkJoinPool.commonPool-worker-7" daemon [_thread_blocked, id=7936, stack(0x0000001468b00000,0x0000001468c00000)]
  0x0000021025864000 JavaThread "ForkJoinPool.commonPool-worker-9" daemon [_thread_blocked, id=6936, stack(0x0000001468c00000,0x0000001468d00000)]
  0x000002102586a800 JavaThread "ForkJoinPool.commonPool-worker-11" daemon [_thread_blocked, id=19324, stack(0x0000001468d00000,0x0000001468e00000)]
  0x0000021025865000 JavaThread "ForkJoinPool.commonPool-worker-13" daemon [_thread_blocked, id=7644, stack(0x0000001468e00000,0x0000001468f00000)]
  0x000002102586d000 JavaThread "ForkJoinPool.commonPool-worker-15" daemon [_thread_blocked, id=2832, stack(0x0000001468f00000,0x0000001469000000)]
  0x000002102382d000 JavaThread "Handler for socket connection from /127.0.0.1:52264 to /127.0.0.1:52287" [_thread_in_native, id=1220, stack(0x000000145fc00000,0x000000145fd00000)]
  0x0000021023832000 JavaThread "Cancel handler" [_thread_blocked, id=17104, stack(0x000000145fd00000,0x000000145fe00000)]
  0x000002102382f800 JavaThread "Asynchronous log dispatcher for DefaultDaemonConnection: socket connection from /127.0.0.1:52264 to /127.0.0.1:52287" [_thread_blocked, id=15940, stack(0x000000145ff00000,0x0000001460000000)]
  0x0000021023830000 JavaThread "Stdin handler" [_thread_blocked, id=16548, stack(0x0000001460000000,0x0000001460100000)]
  0x0000021023831000 JavaThread "Daemon client event forwarder" [_thread_blocked, id=17612, stack(0x0000001460100000,0x0000001460200000)]
  0x0000021023832800 JavaThread "Cache worker for file hash cache (D:\FMI\Anul 3\Semestrul 2\Android\Android-Movie-App\.gradle\7.2\fileHashes)" [_thread_blocked, id=12632, stack(0x0000001460c00000,0x0000001460d00000)]
  0x0000021023833800 JavaThread "Cache worker for checksums cache (D:\FMI\Anul 3\Semestrul 2\Android\Android-Movie-App\.gradle\checksums)" [_thread_blocked, id=10964, stack(0x0000001460f00000,0x0000001461000000)]
  0x000002102382d800 JavaThread "Cache worker for cache directory md-supplier (C:\Users\Miruna\.gradle\caches\7.2\md-supplier)" [_thread_blocked, id=19596, stack(0x0000001461000000,0x0000001461100000)]
  0x0000021023835000 JavaThread "Cache worker for cache directory md-rule (C:\Users\Miruna\.gradle\caches\7.2\md-rule)" [_thread_blocked, id=10016, stack(0x0000001461100000,0x0000001461200000)]
  0x0000021023836800 JavaThread "Cache worker for dependencies-accessors (D:\FMI\Anul 3\Semestrul 2\Android\Android-Movie-App\.gradle\7.2\dependencies-accessors)" [_thread_blocked, id=1956, stack(0x0000001461600000,0x0000001461700000)]
  0x000002102383a000 JavaThread "Cache worker for Build Output Cleanup Cache (D:\FMI\Anul 3\Semestrul 2\Android\Android-Movie-App\.gradle\buildOutputCleanup)" [_thread_blocked, id=5616, stack(0x0000001461800000,0x0000001461900000)]
  0x0000021023834000 JavaThread "Unconstrained build operations" [_thread_blocked, id=16052, stack(0x0000001461900000,0x0000001461a00000)]
  0x0000021023837800 JavaThread "Unconstrained build operations Thread 2" [_thread_blocked, id=10328, stack(0x0000001461a00000,0x0000001461b00000)]
  0x0000021023838800 JavaThread "Unconstrained build operations Thread 3" [_thread_blocked, id=9320, stack(0x0000001461b00000,0x0000001461c00000)]
  0x000002102383b000 JavaThread "Unconstrained build operations Thread 4" [_thread_blocked, id=12884, stack(0x0000001461c00000,0x0000001461d00000)]
  0x0000021023839000 JavaThread "Unconstrained build operations Thread 5" [_thread_blocked, id=14196, stack(0x0000001461d00000,0x0000001461e00000)]
  0x000002102383b800 JavaThread "Unconstrained build operations Thread 6" [_thread_blocked, id=10052, stack(0x0000001461e00000,0x0000001461f00000)]
  0x0000021023836000 JavaThread "Unconstrained build operations Thread 7" [_thread_blocked, id=19424, stack(0x0000001461f00000,0x0000001462000000)]
  0x000002102981d000 JavaThread "Unconstrained build operations Thread 8" [_thread_blocked, id=12616, stack(0x0000001462000000,0x0000001462100000)]
  0x0000021029821000 JavaThread "Unconstrained build operations Thread 9" [_thread_blocked, id=13324, stack(0x0000001462100000,0x0000001462200000)]
  0x000002102981e800 JavaThread "Unconstrained build operations Thread 10" [_thread_blocked, id=9228, stack(0x0000001462200000,0x0000001462300000)]
  0x0000021029821800 JavaThread "Unconstrained build operations Thread 11" [_thread_blocked, id=1348, stack(0x0000001462300000,0x0000001462400000)]
  0x0000021029822800 JavaThread "Unconstrained build operations Thread 12" [_thread_blocked, id=15260, stack(0x0000001462400000,0x0000001462500000)]
  0x000002102981f800 JavaThread "Unconstrained build operations Thread 13" [_thread_blocked, id=15952, stack(0x0000001462500000,0x0000001462600000)]
  0x0000021029826000 JavaThread "Unconstrained build operations Thread 14" [_thread_blocked, id=2568, stack(0x0000001462600000,0x0000001462700000)]
  0x0000021029820000 JavaThread "Unconstrained build operations Thread 15" [_thread_blocked, id=19036, stack(0x0000001462700000,0x0000001462800000)]
  0x0000021029829000 JavaThread "Unconstrained build operations Thread 16" [_thread_blocked, id=7172, stack(0x0000001462800000,0x0000001462900000)]
  0x000002102982a800 JavaThread "Unconstrained build operations Thread 17" [_thread_blocked, id=11960, stack(0x0000001462900000,0x0000001462a00000)]
  0x000002102982a000 JavaThread "Unconstrained build operations Thread 18" [_thread_blocked, id=4312, stack(0x0000001462a00000,0x0000001462b00000)]
  0x000002102982b800 JavaThread "Unconstrained build operations Thread 19" [_thread_blocked, id=12828, stack(0x0000001462b00000,0x0000001462c00000)]
  0x0000021025867800 JavaThread "Unconstrained build operations Thread 20" [_thread_blocked, id=16964, stack(0x0000001462c00000,0x0000001462d00000)]
  0x0000021025868000 JavaThread "Unconstrained build operations Thread 21" [_thread_blocked, id=20376, stack(0x0000001462d00000,0x0000001462e00000)]
  0x0000021025863800 JavaThread "Unconstrained build operations Thread 22" [_thread_blocked, id=8336, stack(0x0000001462e00000,0x0000001462f00000)]
  0x000002102586c800 JavaThread "Unconstrained build operations Thread 23" [_thread_blocked, id=16488, stack(0x0000001462f00000,0x0000001463000000)]
  0x000002102586e000 JavaThread "Unconstrained build operations Thread 24" [_thread_blocked, id=18076, stack(0x0000001463000000,0x0000001463100000)]
  0x0000021025869000 JavaThread "Unconstrained build operations Thread 25" [_thread_blocked, id=19024, stack(0x0000001463100000,0x0000001463200000)]
  0x000002102586f000 JavaThread "Unconstrained build operations Thread 26" [_thread_blocked, id=11564, stack(0x0000001463200000,0x0000001463300000)]
  0x000002102586f800 JavaThread "Unconstrained build operations Thread 27" [_thread_blocked, id=2716, stack(0x0000001463300000,0x0000001463400000)]
  0x0000021025870800 JavaThread "Unconstrained build operations Thread 28" [_thread_blocked, id=6740, stack(0x0000001463400000,0x0000001463500000)]
  0x0000021025871000 JavaThread "Unconstrained build operations Thread 29" [_thread_blocked, id=13752, stack(0x0000001463500000,0x0000001463600000)]
  0x000002102586b800 JavaThread "Unconstrained build operations Thread 30" [_thread_blocked, id=10956, stack(0x0000001463600000,0x0000001463700000)]
  0x0000021025872000 JavaThread "Unconstrained build operations Thread 31" [_thread_blocked, id=16932, stack(0x0000001463700000,0x0000001463800000)]
  0x00000210275ce800 JavaThread "Unconstrained build operations Thread 32" [_thread_blocked, id=16312, stack(0x0000001463800000,0x0000001463900000)]
  0x00000210275c9000 JavaThread "Unconstrained build operations Thread 33" [_thread_blocked, id=14044, stack(0x0000001463900000,0x0000001463a00000)]
  0x00000210275d3800 JavaThread "Unconstrained build operations Thread 34" [_thread_blocked, id=14368, stack(0x0000001463a00000,0x0000001463b00000)]
  0x00000210275d2000 JavaThread "Unconstrained build operations Thread 35" [_thread_blocked, id=10988, stack(0x0000001463b00000,0x0000001463c00000)]
  0x00000210275cf800 JavaThread "Unconstrained build operations Thread 36" [_thread_blocked, id=4200, stack(0x0000001463c00000,0x0000001463d00000)]
  0x00000210275d4800 JavaThread "Unconstrained build operations Thread 37" [_thread_blocked, id=19896, stack(0x0000001463d00000,0x0000001463e00000)]
  0x00000210275d5000 JavaThread "Unconstrained build operations Thread 38" [_thread_blocked, id=19488, stack(0x0000001463e00000,0x0000001463f00000)]
  0x00000210275d6000 JavaThread "Unconstrained build operations Thread 39" [_thread_blocked, id=16836, stack(0x0000001463f00000,0x0000001464000000)]
  0x00000210275d0800 JavaThread "Unconstrained build operations Thread 40" [_thread_blocked, id=14180, stack(0x0000001464000000,0x0000001464100000)]
  0x00000210275d1000 JavaThread "Unconstrained build operations Thread 41" [_thread_blocked, id=19260, stack(0x0000001464100000,0x0000001464200000)]
  0x0000021024934000 JavaThread "Unconstrained build operations Thread 42" [_thread_blocked, id=2704, stack(0x0000001464200000,0x0000001464300000)]
  0x000002102492e800 JavaThread "Unconstrained build operations Thread 43" [_thread_blocked, id=8068, stack(0x0000001464300000,0x0000001464400000)]
  0x0000021024935000 JavaThread "Unconstrained build operations Thread 44" [_thread_blocked, id=15512, stack(0x0000001464400000,0x0000001464500000)]
  0x0000021024930000 JavaThread "Unconstrained build operations Thread 45" [_thread_blocked, id=15748, stack(0x0000001464500000,0x0000001464600000)]
  0x0000021025778000 JavaThread "Unconstrained build operations Thread 46" [_thread_blocked, id=15084, stack(0x0000001464600000,0x0000001464700000)]
  0x0000021025775000 JavaThread "Unconstrained build operations Thread 47" [_thread_blocked, id=9424, stack(0x0000001464700000,0x0000001464800000)]
  0x0000021025779000 JavaThread "Unconstrained build operations Thread 48" [_thread_blocked, id=13516, stack(0x0000001464800000,0x0000001464900000)]
  0x0000021025774000 JavaThread "Unconstrained build operations Thread 49" [_thread_blocked, id=15672, stack(0x0000001464900000,0x0000001464a00000)]
  0x0000021025776800 JavaThread "Unconstrained build operations Thread 50" [_thread_blocked, id=14760, stack(0x0000001464a00000,0x0000001464b00000)]
  0x0000021025775800 JavaThread "Unconstrained build operations Thread 51" [_thread_blocked, id=18268, stack(0x0000001464b00000,0x0000001464c00000)]
  0x0000021025777800 JavaThread "Unconstrained build operations Thread 52" [_thread_blocked, id=12104, stack(0x0000001464c00000,0x0000001464d00000)]
  0x0000021025773000 JavaThread "Unconstrained build operations Thread 53" [_thread_blocked, id=20340, stack(0x0000001464d00000,0x0000001464e00000)]
  0x000002102577b800 JavaThread "Unconstrained build operations Thread 54" [_thread_blocked, id=16000, stack(0x0000001464e00000,0x0000001464f00000)]
  0x000002102577e800 JavaThread "Unconstrained build operations Thread 55" [_thread_blocked, id=16684, stack(0x0000001464f00000,0x0000001465000000)]
  0x0000021025779800 JavaThread "Unconstrained build operations Thread 56" [_thread_blocked, id=10308, stack(0x0000001465000000,0x0000001465100000)]
  0x000002102577f800 JavaThread "Unconstrained build operations Thread 57" [_thread_blocked, id=7372, stack(0x0000001465100000,0x0000001465200000)]
  0x000002102577c000 JavaThread "Unconstrained build operations Thread 58" [_thread_blocked, id=18804, stack(0x0000001465200000,0x0000001465300000)]
  0x000002102577d000 JavaThread "Unconstrained build operations Thread 59" [_thread_blocked, id=16100, stack(0x0000001465300000,0x0000001465400000)]
  0x0000021025780800 JavaThread "Unconstrained build operations Thread 60" [_thread_blocked, id=17836, stack(0x0000001465400000,0x0000001465500000)]
  0x000002102577e000 JavaThread "Unconstrained build operations Thread 61" [_thread_blocked, id=8132, stack(0x0000001465500000,0x0000001465600000)]
  0x000002102577a800 JavaThread "Unconstrained build operations Thread 62" [_thread_blocked, id=10884, stack(0x0000001465600000,0x0000001465700000)]
  0x0000021025781000 JavaThread "Unconstrained build operations Thread 63" [_thread_blocked, id=19624, stack(0x0000001465700000,0x0000001465800000)]
  0x0000021025782000 JavaThread "Unconstrained build operations Thread 64" [_thread_blocked, id=8896, stack(0x0000001465800000,0x0000001465900000)]
  0x0000021023358000 JavaThread "Unconstrained build operations Thread 65" [_thread_blocked, id=11160, stack(0x0000001465900000,0x0000001465a00000)]
  0x000002102335a800 JavaThread "Unconstrained build operations Thread 66" [_thread_blocked, id=17916, stack(0x0000001465a00000,0x0000001465b00000)]
  0x000002102335b800 JavaThread "Unconstrained build operations Thread 67" [_thread_blocked, id=20140, stack(0x0000001465b00000,0x0000001465c00000)]
  0x000002102335c000 JavaThread "Unconstrained build operations Thread 68" [_thread_blocked, id=16084, stack(0x0000001465c00000,0x0000001465d00000)]
  0x0000021023356800 JavaThread "Unconstrained build operations Thread 69" [_thread_blocked, id=13248, stack(0x0000001465d00000,0x0000001465e00000)]
  0x000002102335d000 JavaThread "Unconstrained build operations Thread 70" [_thread_blocked, id=11444, stack(0x0000001465e00000,0x0000001465f00000)]
  0x0000021023357800 JavaThread "Unconstrained build operations Thread 71" [_thread_blocked, id=12144, stack(0x0000001465f00000,0x0000001466000000)]
  0x000002102335a000 JavaThread "Unconstrained build operations Thread 72" [_thread_blocked, id=9592, stack(0x0000001466000000,0x0000001466100000)]
  0x0000021023359000 JavaThread "Unconstrained build operations Thread 73" [_thread_blocked, id=10708, stack(0x0000001466100000,0x0000001466200000)]
  0x000002102a376000 JavaThread "Unconstrained build operations Thread 74" [_thread_blocked, id=10516, stack(0x0000001466200000,0x0000001466300000)]
  0x000002102a374800 JavaThread "Unconstrained build operations Thread 75" [_thread_blocked, id=6172, stack(0x0000001466300000,0x0000001466400000)]
  0x000002102a377800 JavaThread "Unconstrained build operations Thread 76" [_thread_blocked, id=10824, stack(0x0000001466400000,0x0000001466500000)]
  0x000002102a378800 JavaThread "Unconstrained build operations Thread 77" [_thread_blocked, id=8124, stack(0x0000001466500000,0x0000001466600000)]
  0x000002102a372800 JavaThread "Unconstrained build operations Thread 78" [_thread_blocked, id=11468, stack(0x0000001466600000,0x0000001466700000)]
  0x000002102a377000 JavaThread "Unconstrained build operations Thread 79" [_thread_blocked, id=16660, stack(0x0000001466700000,0x0000001466800000)]
  0x000002102a379000 JavaThread "Unconstrained build operations Thread 80" [_thread_blocked, id=15616, stack(0x0000001466800000,0x0000001466900000)]

Other Threads:
  0x0000021021b44800 VMThread "VM Thread" [stack: 0x000000145eb00000,0x000000145ec00000] [id=6980]
  0x000002102265c800 WatcherThread [stack: 0x000000145f500000,0x000000145f600000] [id=18160]
  0x00000210076ea000 GCTaskThread "GC Thread#0" [stack: 0x000000145e600000,0x000000145e700000] [id=1508]
  0x0000021022ef5000 GCTaskThread "GC Thread#1" [stack: 0x000000145f700000,0x000000145f800000] [id=15112]
  0x000002102320e800 GCTaskThread "GC Thread#2" [stack: 0x000000145f800000,0x000000145f900000] [id=11804]
  0x0000021023e8a000 GCTaskThread "GC Thread#3" [stack: 0x0000001460300000,0x0000001460400000] [id=10108]
  0x0000021023d6d000 GCTaskThread "GC Thread#4" [stack: 0x0000001460400000,0x0000001460500000] [id=12264]
  0x00000210254df000 GCTaskThread "GC Thread#5" [stack: 0x0000001460500000,0x0000001460600000] [id=1040]
  0x00000210254e0000 GCTaskThread "GC Thread#6" [stack: 0x0000001460600000,0x0000001460700000] [id=14656]
  0x00000210247ec000 GCTaskThread "GC Thread#7" [stack: 0x0000001460700000,0x0000001460800000] [id=10436]
  0x0000021007719000 ConcurrentGCThread "G1 Main Marker" [stack: 0x000000145e700000,0x000000145e800000] [id=4892]
  0x000002100771a800 ConcurrentGCThread "G1 Conc#0" [stack: 0x000000145e800000,0x000000145e900000] [id=7560]
  0x0000021025a06000 ConcurrentGCThread "G1 Conc#1" [stack: 0x0000001460b00000,0x0000001460c00000] [id=10220]
  0x00000210077ad800 ConcurrentGCThread "G1 Refine#0" [stack: 0x000000145e900000,0x000000145ea00000] [id=16152]
  0x0000021021994800 ConcurrentGCThread "G1 Young RemSet Sampling" [stack: 0x000000145ea00000,0x000000145eb00000] [id=11688]

Threads with active compile tasks:
C2 CompilerThread0  21960 12341       4       java.lang.Class::annotationData (44 bytes)
C1 CompilerThread0  21960 12719       2       com.google.common.reflect.TypeToken::getSupertype (95 bytes)

VM state:not at safepoint (normal execution)

VM Mutex/Monitor currently owned by a thread: None

Heap address: 0x0000000080000000, size: 2048 MB, Compressed Oops mode: 32-bit
Narrow klass base: 0x0000000000000000, Narrow klass shift: 3
Compressed class space size: 1073741824 Address: 0x0000000100000000

Heap:
 garbage-first heap   total 187392K, used 94625K [0x0000000080000000, 0x0000000100000000)
  region size 1024K, 20 young (20480K), 9 survivors (9216K)
 Metaspace       used 110131K, capacity 113758K, committed 114056K, reserved 1146880K
  class space    used 14805K, capacity 16241K, committed 16356K, reserved 1048576K
Heap Regions: E=young(eden), S=young(survivor), O=old, HS=humongous(starts), HC=humongous(continues), CS=collection set, F=free, A=archive, TAMS=top-at-mark-start (previous, next)
|   0|0x0000000080000000, 0x0000000080100000, 0x0000000080100000|100%| O|  |TAMS 0x0000000080100000, 0x0000000080000000| Untracked 
|   1|0x0000000080100000, 0x0000000080200000, 0x0000000080200000|100%| O|  |TAMS 0x0000000080200000, 0x0000000080100000| Untracked 
|   2|0x0000000080200000, 0x0000000080300000, 0x0000000080300000|100%| O|  |TAMS 0x0000000080300000, 0x0000000080200000| Untracked 
|   3|0x0000000080300000, 0x0000000080400000, 0x0000000080400000|100%|HS|  |TAMS 0x0000000080400000, 0x0000000080300000| Complete 
|   4|0x0000000080400000, 0x0000000080500000, 0x0000000080500000|100%|HC|  |TAMS 0x0000000080500000, 0x0000000080400000| Complete 
|   5|0x0000000080500000, 0x0000000080600000, 0x0000000080600000|100%|HC|  |TAMS 0x0000000080600000, 0x0000000080500000| Complete 
|   6|0x0000000080600000, 0x0000000080700000, 0x0000000080700000|100%| O|  |TAMS 0x0000000080700000, 0x0000000080600000| Untracked 
|   7|0x0000000080700000, 0x0000000080800000, 0x0000000080800000|100%| O|  |TAMS 0x0000000080800000, 0x0000000080700000| Untracked 
|   8|0x0000000080800000, 0x0000000080900000, 0x0000000080900000|100%| O|  |TAMS 0x0000000080900000, 0x0000000080800000| Untracked 
|   9|0x0000000080900000, 0x0000000080a00000, 0x0000000080a00000|100%| O|  |TAMS 0x0000000080a00000, 0x0000000080900000| Untracked 
|  10|0x0000000080a00000, 0x0000000080b00000, 0x0000000080b00000|100%| O|  |TAMS 0x0000000080b00000, 0x0000000080a00000| Untracked 
|  11|0x0000000080b00000, 0x0000000080c00000, 0x0000000080c00000|100%| O|  |TAMS 0x0000000080c00000, 0x0000000080b00000| Untracked 
|  12|0x0000000080c00000, 0x0000000080d00000, 0x0000000080d00000|100%| O|  |TAMS 0x0000000080d00000, 0x0000000080c00000| Untracked 
|  13|0x0000000080d00000, 0x0000000080e00000, 0x0000000080e00000|100%| O|  |TAMS 0x0000000080e00000, 0x0000000080d00000| Untracked 
|  14|0x0000000080e00000, 0x0000000080f00000, 0x0000000080f00000|100%| O|  |TAMS 0x0000000080f00000, 0x0000000080e00000| Untracked 
|  15|0x0000000080f00000, 0x0000000081000000, 0x0000000081000000|100%| O|  |TAMS 0x0000000081000000, 0x0000000080f00000| Untracked 
|  16|0x0000000081000000, 0x0000000081100000, 0x0000000081100000|100%|HS|  |TAMS 0x0000000081100000, 0x0000000081000000| Complete 
|  17|0x0000000081100000, 0x0000000081200000, 0x0000000081200000|100%| O|  |TAMS 0x0000000081200000, 0x0000000081100000| Untracked 
|  18|0x0000000081200000, 0x0000000081300000, 0x0000000081300000|100%| O|  |TAMS 0x0000000081300000, 0x0000000081200000| Untracked 
|  19|0x0000000081300000, 0x0000000081400000, 0x0000000081400000|100%| O|  |TAMS 0x0000000081400000, 0x0000000081300000| Untracked 
|  20|0x0000000081400000, 0x0000000081500000, 0x0000000081500000|100%| O|  |TAMS 0x0000000081500000, 0x0000000081400000| Untracked 
|  21|0x0000000081500000, 0x0000000081600000, 0x0000000081600000|100%| O|  |TAMS 0x0000000081600000, 0x0000000081500000| Untracked 
|  22|0x0000000081600000, 0x0000000081700000, 0x0000000081700000|100%| O|  |TAMS 0x0000000081700000, 0x0000000081600000| Untracked 
|  23|0x0000000081700000, 0x0000000081800000, 0x0000000081800000|100%|HS|  |TAMS 0x0000000081800000, 0x0000000081700000| Complete 
|  24|0x0000000081800000, 0x0000000081900000, 0x0000000081900000|100%|HS|  |TAMS 0x0000000081900000, 0x0000000081800000| Complete 
|  25|0x0000000081900000, 0x0000000081a00000, 0x0000000081a00000|100%|HS|  |TAMS 0x0000000081a00000, 0x0000000081900000| Complete 
|  26|0x0000000081a00000, 0x0000000081b00000, 0x0000000081b00000|100%|HC|  |TAMS 0x0000000081b00000, 0x0000000081a00000| Complete 
|  27|0x0000000081b00000, 0x0000000081c00000, 0x0000000081c00000|100%| O|  |TAMS 0x0000000081c00000, 0x0000000081b00000| Untracked 
|  28|0x0000000081c00000, 0x0000000081d00000, 0x0000000081d00000|100%| O|  |TAMS 0x0000000081d00000, 0x0000000081c00000| Untracked 
|  29|0x0000000081d00000, 0x0000000081e00000, 0x0000000081e00000|100%| O|  |TAMS 0x0000000081e00000, 0x0000000081d00000| Untracked 
|  30|0x0000000081e00000, 0x0000000081f00000, 0x0000000081f00000|100%| O|  |TAMS 0x0000000081f00000, 0x0000000081e00000| Untracked 
|  31|0x0000000081f00000, 0x0000000082000000, 0x0000000082000000|100%| O|  |TAMS 0x0000000082000000, 0x0000000081f00000| Untracked 
|  32|0x0000000082000000, 0x0000000082100000, 0x0000000082100000|100%| O|  |TAMS 0x0000000082100000, 0x0000000082000000| Untracked 
|  33|0x0000000082100000, 0x0000000082200000, 0x0000000082200000|100%| O|  |TAMS 0x0000000082200000, 0x0000000082100000| Untracked 
|  34|0x0000000082200000, 0x0000000082300000, 0x0000000082300000|100%| O|  |TAMS 0x0000000082300000, 0x0000000082200000| Untracked 
|  35|0x0000000082300000, 0x0000000082400000, 0x0000000082400000|100%| O|  |TAMS 0x0000000082400000, 0x0000000082300000| Untracked 
|  36|0x0000000082400000, 0x0000000082500000, 0x0000000082500000|100%| O|  |TAMS 0x0000000082500000, 0x0000000082400000| Untracked 
|  37|0x0000000082500000, 0x0000000082600000, 0x0000000082600000|100%| O|  |TAMS 0x0000000082600000, 0x0000000082500000| Untracked 
|  38|0x0000000082600000, 0x0000000082700000, 0x0000000082700000|100%| O|  |TAMS 0x0000000082700000, 0x0000000082600000| Untracked 
|  39|0x0000000082700000, 0x0000000082800000, 0x0000000082800000|100%| O|  |TAMS 0x0000000082800000, 0x0000000082700000| Untracked 
|  40|0x0000000082800000, 0x0000000082900000, 0x0000000082900000|100%| O|  |TAMS 0x0000000082900000, 0x0000000082800000| Untracked 
|  41|0x0000000082900000, 0x0000000082a00000, 0x0000000082a00000|100%| O|  |TAMS 0x0000000082a00000, 0x0000000082900000| Untracked 
|  42|0x0000000082a00000, 0x0000000082b00000, 0x0000000082b00000|100%| O|  |TAMS 0x0000000082b00000, 0x0000000082a00000| Untracked 
|  43|0x0000000082b00000, 0x0000000082c00000, 0x0000000082c00000|100%| O|  |TAMS 0x0000000082c00000, 0x0000000082b00000| Untracked 
|  44|0x0000000082c00000, 0x0000000082d00000, 0x0000000082d00000|100%| O|  |TAMS 0x0000000082d00000, 0x0000000082c00000| Untracked 
|  45|0x0000000082d00000, 0x0000000082e00000, 0x0000000082e00000|100%| O|  |TAMS 0x0000000082e00000, 0x0000000082d00000| Untracked 
|  46|0x0000000082e00000, 0x0000000082f00000, 0x0000000082f00000|100%| O|  |TAMS 0x0000000082f00000, 0x0000000082e00000| Untracked 
|  47|0x0000000082f00000, 0x0000000083000000, 0x0000000083000000|100%| O|  |TAMS 0x0000000083000000, 0x0000000082f00000| Untracked 
|  48|0x0000000083000000, 0x0000000083100000, 0x0000000083100000|100%| O|  |TAMS 0x0000000083100000, 0x0000000083000000| Untracked 
|  49|0x0000000083100000, 0x0000000083200000, 0x0000000083200000|100%| O|  |TAMS 0x0000000083200000, 0x0000000083100000| Untracked 
|  50|0x0000000083200000, 0x0000000083300000, 0x0000000083300000|100%| O|  |TAMS 0x0000000083300000, 0x0000000083200000| Untracked 
|  51|0x0000000083300000, 0x0000000083400000, 0x0000000083400000|100%| O|  |TAMS 0x0000000083400000, 0x0000000083300000| Untracked 
|  52|0x0000000083400000, 0x0000000083500000, 0x0000000083500000|100%| O|  |TAMS 0x0000000083500000, 0x0000000083400000| Untracked 
|  53|0x0000000083500000, 0x0000000083600000, 0x0000000083600000|100%| O|  |TAMS 0x0000000083600000, 0x0000000083500000| Untracked 
|  54|0x0000000083600000, 0x0000000083700000, 0x0000000083700000|100%| O|  |TAMS 0x0000000083700000, 0x0000000083600000| Untracked 
|  55|0x0000000083700000, 0x0000000083800000, 0x0000000083800000|100%| O|  |TAMS 0x0000000083800000, 0x0000000083700000| Untracked 
|  56|0x0000000083800000, 0x0000000083900000, 0x0000000083900000|100%| O|  |TAMS 0x0000000083900000, 0x0000000083800000| Untracked 
|  57|0x0000000083900000, 0x0000000083a00000, 0x0000000083a00000|100%| O|  |TAMS 0x0000000083a00000, 0x0000000083900000| Untracked 
|  58|0x0000000083a00000, 0x0000000083b00000, 0x0000000083b00000|100%| O|  |TAMS 0x0000000083b00000, 0x0000000083a00000| Untracked 
|  59|0x0000000083b00000, 0x0000000083c00000, 0x0000000083c00000|100%| O|  |TAMS 0x0000000083c00000, 0x0000000083b00000| Untracked 
|  60|0x0000000083c00000, 0x0000000083d00000, 0x0000000083d00000|100%| O|  |TAMS 0x0000000083d00000, 0x0000000083c00000| Untracked 
|  61|0x0000000083d00000, 0x0000000083e00000, 0x0000000083e00000|100%| O|  |TAMS 0x0000000083e00000, 0x0000000083d00000| Untracked 
|  62|0x0000000083e00000, 0x0000000083f00000, 0x0000000083f00000|100%| O|  |TAMS 0x0000000083f00000, 0x0000000083e00000| Untracked 
|  63|0x0000000083f00000, 0x0000000084000000, 0x0000000084000000|100%| O|  |TAMS 0x0000000084000000, 0x0000000083f00000| Untracked 
|  64|0x0000000084000000, 0x0000000084100000, 0x0000000084100000|100%| O|  |TAMS 0x0000000084100000, 0x0000000084000000| Untracked 
|  65|0x0000000084100000, 0x0000000084200000, 0x0000000084200000|100%| O|  |TAMS 0x0000000084200000, 0x0000000084100000| Untracked 
|  66|0x0000000084200000, 0x0000000084300000, 0x0000000084300000|100%| O|  |TAMS 0x0000000084300000, 0x0000000084200000| Untracked 
|  67|0x0000000084300000, 0x0000000084400000, 0x0000000084400000|100%| O|  |TAMS 0x00000000843ecc00, 0x0000000084300000| Untracked 
|  68|0x0000000084400000, 0x0000000084500000, 0x0000000084500000|100%| O|  |TAMS 0x0000000084400000, 0x0000000084400000| Untracked 
|  69|0x0000000084500000, 0x0000000084600000, 0x0000000084600000|100%| O|  |TAMS 0x0000000084600000, 0x0000000084500000| Untracked 
|  70|0x0000000084600000, 0x0000000084700000, 0x0000000084700000|100%| O|  |TAMS 0x0000000084700000, 0x0000000084600000| Untracked 
|  71|0x0000000084700000, 0x0000000084800000, 0x0000000084800000|100%| O|  |TAMS 0x0000000084800000, 0x0000000084700000| Untracked 
|  72|0x0000000084800000, 0x0000000084900000, 0x0000000084900000|100%| O|  |TAMS 0x0000000084900000, 0x0000000084800000| Untracked 
|  73|0x0000000084900000, 0x0000000084900000, 0x0000000084a00000|  0%| F|  |TAMS 0x0000000084900000, 0x0000000084900000| Untracked 
|  74|0x0000000084a00000, 0x0000000084a00000, 0x0000000084b00000|  0%| F|  |TAMS 0x0000000084a00000, 0x0000000084a00000| Untracked 
|  75|0x0000000084b00000, 0x0000000084b00000, 0x0000000084c00000|  0%| F|  |TAMS 0x0000000084b00000, 0x0000000084b00000| Untracked 
|  76|0x0000000084c00000, 0x0000000084c00000, 0x0000000084d00000|  0%| F|  |TAMS 0x0000000084c00000, 0x0000000084c00000| Untracked 
|  77|0x0000000084d00000, 0x0000000084d00000, 0x0000000084e00000|  0%| F|  |TAMS 0x0000000084d00000, 0x0000000084d00000| Untracked 
|  78|0x0000000084e00000, 0x0000000084e00000, 0x0000000084f00000|  0%| F|  |TAMS 0x0000000084e00000, 0x0000000084e00000| Untracked 
|  79|0x0000000084f00000, 0x0000000084f00000, 0x0000000085000000|  0%| F|  |TAMS 0x0000000084f00000, 0x0000000084f00000| Untracked 
|  80|0x0000000085000000, 0x0000000085000000, 0x0000000085100000|  0%| F|  |TAMS 0x0000000085000000, 0x0000000085000000| Untracked 
|  81|0x0000000085100000, 0x0000000085100000, 0x0000000085200000|  0%| F|  |TAMS 0x0000000085100000, 0x0000000085100000| Untracked 
|  82|0x0000000085200000, 0x0000000085200000, 0x0000000085300000|  0%| F|  |TAMS 0x0000000085200000, 0x0000000085200000| Untracked 
|  83|0x0000000085300000, 0x0000000085400000, 0x0000000085400000|100%| O|  |TAMS 0x0000000085300000, 0x0000000085300000| Untracked 
|  84|0x0000000085400000, 0x0000000085500000, 0x0000000085500000|100%| O|  |TAMS 0x0000000085400000, 0x0000000085400000| Untracked 
|  85|0x0000000085500000, 0x0000000085544a00, 0x0000000085600000| 26%| O|  |TAMS 0x0000000085500000, 0x0000000085500000| Untracked 
|  86|0x0000000085600000, 0x0000000085600000, 0x0000000085700000|  0%| F|  |TAMS 0x0000000085600000, 0x0000000085600000| Untracked 
|  87|0x0000000085700000, 0x0000000085700000, 0x0000000085800000|  0%| F|  |TAMS 0x0000000085700000, 0x0000000085700000| Untracked 
|  88|0x0000000085800000, 0x0000000085800000, 0x0000000085900000|  0%| F|  |TAMS 0x0000000085800000, 0x0000000085800000| Untracked 
|  89|0x0000000085900000, 0x0000000085900000, 0x0000000085a00000|  0%| F|  |TAMS 0x0000000085900000, 0x0000000085900000| Untracked 
|  90|0x0000000085a00000, 0x0000000085a00000, 0x0000000085b00000|  0%| F|  |TAMS 0x0000000085a00000, 0x0000000085a00000| Untracked 
|  91|0x0000000085b00000, 0x0000000085b00000, 0x0000000085c00000|  0%| F|  |TAMS 0x0000000085b00000, 0x0000000085b00000| Untracked 
|  92|0x0000000085c00000, 0x0000000085c00000, 0x0000000085d00000|  0%| F|  |TAMS 0x0000000085c00000, 0x0000000085c00000| Untracked 
|  93|0x0000000085d00000, 0x0000000085d00000, 0x0000000085e00000|  0%| F|  |TAMS 0x0000000085d00000, 0x0000000085d00000| Untracked 
|  94|0x0000000085e00000, 0x0000000085e00000, 0x0000000085f00000|  0%| F|  |TAMS 0x0000000085e00000, 0x0000000085e00000| Untracked 
|  95|0x0000000085f00000, 0x0000000085f00000, 0x0000000086000000|  0%| F|  |TAMS 0x0000000085f00000, 0x0000000085f00000| Untracked 
|  96|0x0000000086000000, 0x0000000086000000, 0x0000000086100000|  0%| F|  |TAMS 0x0000000086000000, 0x0000000086000000| Untracked 
|  97|0x0000000086100000, 0x0000000086100000, 0x0000000086200000|  0%| F|  |TAMS 0x0000000086100000, 0x0000000086100000| Untracked 
|  98|0x0000000086200000, 0x0000000086200000, 0x0000000086300000|  0%| F|  |TAMS 0x0000000086200000, 0x0000000086200000| Untracked 
|  99|0x0000000086300000, 0x0000000086300000, 0x0000000086400000|  0%| F|  |TAMS 0x0000000086300000, 0x0000000086300000| Untracked 
| 100|0x0000000086400000, 0x0000000086423b28, 0x0000000086500000| 13%| S|CS|TAMS 0x0000000086400000, 0x0000000086400000| Complete 
| 101|0x0000000086500000, 0x0000000086600000, 0x0000000086600000|100%| S|CS|TAMS 0x0000000086500000, 0x0000000086500000| Complete 
| 102|0x0000000086600000, 0x0000000086700000, 0x0000000086700000|100%| S|CS|TAMS 0x0000000086600000, 0x0000000086600000| Complete 
| 103|0x0000000086700000, 0x0000000086700000, 0x0000000086800000|  0%| F|  |TAMS 0x0000000086700000, 0x0000000086700000| Untracked 
| 104|0x0000000086800000, 0x0000000086800000, 0x0000000086900000|  0%| F|  |TAMS 0x0000000086800000, 0x0000000086800000| Untracked 
| 105|0x0000000086900000, 0x0000000086900000, 0x0000000086a00000|  0%| F|  |TAMS 0x0000000086900000, 0x0000000086900000| Untracked 
| 106|0x0000000086a00000, 0x0000000086a00000, 0x0000000086b00000|  0%| F|  |TAMS 0x0000000086a00000, 0x0000000086a00000| Untracked 
| 107|0x0000000086b00000, 0x0000000086b00000, 0x0000000086c00000|  0%| F|  |TAMS 0x0000000086b00000, 0x0000000086b00000| Untracked 
| 108|0x0000000086c00000, 0x0000000086c00000, 0x0000000086d00000|  0%| F|  |TAMS 0x0000000086c00000, 0x0000000086c00000| Untracked 
| 109|0x0000000086d00000, 0x0000000086d00000, 0x0000000086e00000|  0%| F|  |TAMS 0x0000000086d00000, 0x0000000086d00000| Untracked 
| 110|0x0000000086e00000, 0x0000000086f00000, 0x0000000086f00000|100%| S|CS|TAMS 0x0000000086e00000, 0x0000000086e00000| Complete 
| 111|0x0000000086f00000, 0x0000000087000000, 0x0000000087000000|100%| S|CS|TAMS 0x0000000086f00000, 0x0000000086f00000| Complete 
| 112|0x0000000087000000, 0x0000000087100000, 0x0000000087100000|100%| S|CS|TAMS 0x0000000087000000, 0x0000000087000000| Complete 
| 113|0x0000000087100000, 0x0000000087200000, 0x0000000087200000|100%| S|CS|TAMS 0x0000000087100000, 0x0000000087100000| Complete 
| 114|0x0000000087200000, 0x0000000087300000, 0x0000000087300000|100%| S|CS|TAMS 0x0000000087200000, 0x0000000087200000| Complete 
| 115|0x0000000087300000, 0x0000000087400000, 0x0000000087400000|100%| S|CS|TAMS 0x0000000087300000, 0x0000000087300000| Complete 
| 116|0x0000000087400000, 0x0000000087400000, 0x0000000087500000|  0%| F|  |TAMS 0x0000000087400000, 0x0000000087400000| Untracked 
| 117|0x0000000087500000, 0x0000000087500000, 0x0000000087600000|  0%| F|  |TAMS 0x0000000087500000, 0x0000000087500000| Untracked 
| 118|0x0000000087600000, 0x0000000087600000, 0x0000000087700000|  0%| F|  |TAMS 0x0000000087600000, 0x0000000087600000| Untracked 
| 119|0x0000000087700000, 0x0000000087700000, 0x0000000087800000|  0%| F|  |TAMS 0x0000000087700000, 0x0000000087700000| Untracked 
| 120|0x0000000087800000, 0x0000000087800000, 0x0000000087900000|  0%| F|  |TAMS 0x0000000087800000, 0x0000000087800000| Untracked 
| 121|0x0000000087900000, 0x0000000087900000, 0x0000000087a00000|  0%| F|  |TAMS 0x0000000087900000, 0x0000000087900000| Untracked 
| 122|0x0000000087a00000, 0x0000000087a00000, 0x0000000087b00000|  0%| F|  |TAMS 0x0000000087a00000, 0x0000000087a00000| Untracked 
| 123|0x0000000087b00000, 0x0000000087b00000, 0x0000000087c00000|  0%| F|  |TAMS 0x0000000087b00000, 0x0000000087b00000| Untracked 
| 124|0x0000000087c00000, 0x0000000087c00000, 0x0000000087d00000|  0%| F|  |TAMS 0x0000000087c00000, 0x0000000087c00000| Untracked 
| 125|0x0000000087d00000, 0x0000000087d00000, 0x0000000087e00000|  0%| F|  |TAMS 0x0000000087d00000, 0x0000000087d00000| Untracked 
| 126|0x0000000087e00000, 0x0000000087e00000, 0x0000000087f00000|  0%| F|  |TAMS 0x0000000087e00000, 0x0000000087e00000| Untracked 
| 127|0x0000000087f00000, 0x0000000087f00000, 0x0000000088000000|  0%| F|  |TAMS 0x0000000087f00000, 0x0000000087f00000| Untracked 
| 128|0x0000000088000000, 0x0000000088000000, 0x0000000088100000|  0%| F|  |TAMS 0x0000000088000000, 0x0000000088000000| Untracked 
| 129|0x0000000088100000, 0x0000000088100000, 0x0000000088200000|  0%| F|  |TAMS 0x0000000088100000, 0x0000000088100000| Untracked 
| 130|0x0000000088200000, 0x0000000088200000, 0x0000000088300000|  0%| F|  |TAMS 0x0000000088200000, 0x0000000088200000| Untracked 
| 131|0x0000000088300000, 0x0000000088300000, 0x0000000088400000|  0%| F|  |TAMS 0x0000000088300000, 0x0000000088300000| Untracked 
| 132|0x0000000088400000, 0x0000000088400000, 0x0000000088500000|  0%| F|  |TAMS 0x0000000088400000, 0x0000000088400000| Untracked 
| 133|0x0000000088500000, 0x0000000088500000, 0x0000000088600000|  0%| F|  |TAMS 0x0000000088500000, 0x0000000088500000| Untracked 
| 134|0x0000000088600000, 0x0000000088600000, 0x0000000088700000|  0%| F|  |TAMS 0x0000000088600000, 0x0000000088600000| Untracked 
| 135|0x0000000088700000, 0x0000000088700000, 0x0000000088800000|  0%| F|  |TAMS 0x0000000088700000, 0x0000000088700000| Untracked 
| 136|0x0000000088800000, 0x0000000088800000, 0x0000000088900000|  0%| F|  |TAMS 0x0000000088800000, 0x0000000088800000| Untracked 
| 137|0x0000000088900000, 0x0000000088900000, 0x0000000088a00000|  0%| F|  |TAMS 0x0000000088900000, 0x0000000088900000| Untracked 
| 138|0x0000000088a00000, 0x0000000088a00000, 0x0000000088b00000|  0%| F|  |TAMS 0x0000000088a00000, 0x0000000088a00000| Untracked 
| 139|0x0000000088b00000, 0x0000000088b00000, 0x0000000088c00000|  0%| F|  |TAMS 0x0000000088b00000, 0x0000000088b00000| Untracked 
| 140|0x0000000088c00000, 0x0000000088c00000, 0x0000000088d00000|  0%| F|  |TAMS 0x0000000088c00000, 0x0000000088c00000| Untracked 
| 141|0x0000000088d00000, 0x0000000088d00000, 0x0000000088e00000|  0%| F|  |TAMS 0x0000000088d00000, 0x0000000088d00000| Untracked 
| 142|0x0000000088e00000, 0x0000000088e00000, 0x0000000088f00000|  0%| F|  |TAMS 0x0000000088e00000, 0x0000000088e00000| Untracked 
| 143|0x0000000088f00000, 0x0000000088f00000, 0x0000000089000000|  0%| F|  |TAMS 0x0000000088f00000, 0x0000000088f00000| Untracked 
| 144|0x0000000089000000, 0x0000000089000000, 0x0000000089100000|  0%| F|  |TAMS 0x0000000089000000, 0x0000000089000000| Untracked 
| 145|0x0000000089100000, 0x0000000089100000, 0x0000000089200000|  0%| F|  |TAMS 0x0000000089100000, 0x0000000089100000| Untracked 
| 146|0x0000000089200000, 0x0000000089200000, 0x0000000089300000|  0%| F|  |TAMS 0x0000000089200000, 0x0000000089200000| Untracked 
| 147|0x0000000089300000, 0x0000000089300000, 0x0000000089400000|  0%| F|  |TAMS 0x0000000089300000, 0x0000000089300000| Untracked 
| 148|0x0000000089400000, 0x0000000089400000, 0x0000000089500000|  0%| F|  |TAMS 0x0000000089400000, 0x0000000089400000| Untracked 
| 149|0x0000000089500000, 0x0000000089500000, 0x0000000089600000|  0%| F|  |TAMS 0x0000000089500000, 0x0000000089500000| Untracked 
| 150|0x0000000089600000, 0x0000000089600000, 0x0000000089700000|  0%| F|  |TAMS 0x0000000089600000, 0x0000000089600000| Untracked 
| 151|0x0000000089700000, 0x0000000089700000, 0x0000000089800000|  0%| F|  |TAMS 0x0000000089700000, 0x0000000089700000| Untracked 
| 152|0x0000000089800000, 0x0000000089800000, 0x0000000089900000|  0%| F|  |TAMS 0x0000000089800000, 0x0000000089800000| Untracked 
| 153|0x0000000089900000, 0x0000000089900000, 0x0000000089a00000|  0%| F|  |TAMS 0x0000000089900000, 0x0000000089900000| Untracked 
| 154|0x0000000089a00000, 0x0000000089a00000, 0x0000000089b00000|  0%| F|  |TAMS 0x0000000089a00000, 0x0000000089a00000| Untracked 
| 155|0x0000000089b00000, 0x0000000089b00000, 0x0000000089c00000|  0%| F|  |TAMS 0x0000000089b00000, 0x0000000089b00000| Untracked 
| 156|0x0000000089c00000, 0x0000000089c00000, 0x0000000089d00000|  0%| F|  |TAMS 0x0000000089c00000, 0x0000000089c00000| Untracked 
| 157|0x0000000089d00000, 0x0000000089d00000, 0x0000000089e00000|  0%| F|  |TAMS 0x0000000089d00000, 0x0000000089d00000| Untracked 
| 158|0x0000000089e00000, 0x0000000089e00000, 0x0000000089f00000|  0%| F|  |TAMS 0x0000000089e00000, 0x0000000089e00000| Untracked 
| 159|0x0000000089f00000, 0x0000000089f00000, 0x000000008a000000|  0%| F|  |TAMS 0x0000000089f00000, 0x0000000089f00000| Untracked 
| 160|0x000000008a000000, 0x000000008a000000, 0x000000008a100000|  0%| F|  |TAMS 0x000000008a000000, 0x000000008a000000| Untracked 
| 161|0x000000008a100000, 0x000000008a100000, 0x000000008a200000|  0%| F|  |TAMS 0x000000008a100000, 0x000000008a100000| Untracked 
| 162|0x000000008a200000, 0x000000008a200000, 0x000000008a300000|  0%| F|  |TAMS 0x000000008a200000, 0x000000008a200000| Untracked 
| 163|0x000000008a300000, 0x000000008a300000, 0x000000008a400000|  0%| F|  |TAMS 0x000000008a300000, 0x000000008a300000| Untracked 
| 164|0x000000008a400000, 0x000000008a400000, 0x000000008a500000|  0%| F|  |TAMS 0x000000008a400000, 0x000000008a400000| Untracked 
| 165|0x000000008a500000, 0x000000008a500000, 0x000000008a600000|  0%| F|  |TAMS 0x000000008a500000, 0x000000008a500000| Untracked 
| 166|0x000000008a600000, 0x000000008a600000, 0x000000008a700000|  0%| F|  |TAMS 0x000000008a600000, 0x000000008a600000| Untracked 
| 167|0x000000008a700000, 0x000000008a700000, 0x000000008a800000|  0%| F|  |TAMS 0x000000008a700000, 0x000000008a700000| Untracked 
| 168|0x000000008a800000, 0x000000008a800000, 0x000000008a900000|  0%| F|  |TAMS 0x000000008a800000, 0x000000008a800000| Untracked 
| 169|0x000000008a900000, 0x000000008a900000, 0x000000008aa00000|  0%| F|  |TAMS 0x000000008a900000, 0x000000008a900000| Untracked 
| 170|0x000000008aa00000, 0x000000008aa00000, 0x000000008ab00000|  0%| F|  |TAMS 0x000000008aa00000, 0x000000008aa00000| Untracked 
| 171|0x000000008ab00000, 0x000000008ab00000, 0x000000008ac00000|  0%| F|  |TAMS 0x000000008ab00000, 0x000000008ab00000| Untracked 
| 172|0x000000008ac00000, 0x000000008ac67b48, 0x000000008ad00000| 40%| E|  |TAMS 0x000000008ac00000, 0x000000008ac00000| Complete 
| 173|0x000000008ad00000, 0x000000008ae00000, 0x000000008ae00000|100%| E|CS|TAMS 0x000000008ad00000, 0x000000008ad00000| Complete 
| 174|0x000000008ae00000, 0x000000008af00000, 0x000000008af00000|100%| E|CS|TAMS 0x000000008ae00000, 0x000000008ae00000| Complete 
| 175|0x000000008af00000, 0x000000008b000000, 0x000000008b000000|100%| E|CS|TAMS 0x000000008af00000, 0x000000008af00000| Complete 
| 176|0x000000008b000000, 0x000000008b100000, 0x000000008b100000|100%| E|CS|TAMS 0x000000008b000000, 0x000000008b000000| Complete 
| 177|0x000000008b100000, 0x000000008b200000, 0x000000008b200000|100%| E|CS|TAMS 0x000000008b100000, 0x000000008b100000| Complete 
| 178|0x000000008b200000, 0x000000008b300000, 0x000000008b300000|100%| E|  |TAMS 0x000000008b200000, 0x000000008b200000| Complete 
| 179|0x000000008b300000, 0x000000008b400000, 0x000000008b400000|100%| E|CS|TAMS 0x000000008b300000, 0x000000008b300000| Complete 
| 180|0x000000008b400000, 0x000000008b500000, 0x000000008b500000|100%| E|CS|TAMS 0x000000008b400000, 0x000000008b400000| Complete 
| 181|0x000000008b500000, 0x000000008b600000, 0x000000008b600000|100%| E|CS|TAMS 0x000000008b500000, 0x000000008b500000| Complete 
| 182|0x000000008b600000, 0x000000008b700000, 0x000000008b700000|100%| E|CS|TAMS 0x000000008b600000, 0x000000008b600000| Complete 

Card table byte_map: [0x000002101a900000,0x000002101ad00000] _byte_map_base: 0x000002101a500000

Marking Bits (Prev, Next): (CMBitMap*) 0x00000210077106c0, (CMBitMap*) 0x0000021007710688
 Prev Bits: [0x000002101d100000, 0x000002101f100000)
 Next Bits: [0x000002101b100000, 0x000002101d100000)

Polling page: 0x0000021005640000

Metaspace:

Usage:
  Non-class:     95.29 MB capacity,    93.09 MB ( 98%) used,     1.79 MB (  2%) free+waste,   420.75 KB ( <1%) overhead. 
      Class:     15.86 MB capacity,    14.46 MB ( 91%) used,     1.20 MB (  8%) free+waste,   205.06 KB (  1%) overhead. 
       Both:    111.15 MB capacity,   107.55 MB ( 97%) used,     2.99 MB (  3%) free+waste,   625.81 KB ( <1%) overhead. 

Virtual space:
  Non-class space:       96.00 MB reserved,      95.41 MB (>99%) committed 
      Class space:        1.00 GB reserved,      15.97 MB (  2%) committed 
             Both:        1.09 GB reserved,     111.38 MB ( 10%) committed 

Chunk freelists:
   Non-Class:  55.00 KB
       Class:  0 bytes
        Both:  55.00 KB

MaxMetaspaceSize: 17179869184.00 GB
CompressedClassSpaceSize: 1.00 GB

CodeHeap 'non-profiled nmethods': size=120000Kb used=5385Kb max_used=5385Kb free=114614Kb
 bounds [0x0000021012ca0000, 0x00000210131f0000, 0x000002101a1d0000]
CodeHeap 'profiled nmethods': size=120000Kb used=24398Kb max_used=24398Kb free=95601Kb
 bounds [0x000002100b770000, 0x000002100cf50000, 0x0000021012ca0000]
CodeHeap 'non-nmethods': size=5760Kb used=2334Kb max_used=2357Kb free=3425Kb
 bounds [0x000002100b1d0000, 0x000002100b440000, 0x000002100b770000]
 total_blobs=13296 nmethods=12342 adapters=865
 compilation: enabled
              stopped_count=0, restarted_count=0
 full_count=0

Compilation events (20 events):
Event: 21.899 Thread 0x0000021021b6f800 12683       2       com.google.common.collect.ImmutableMap::entryOf (15 bytes)
Event: 21.899 Thread 0x0000021021b6f800 nmethod 12683 0x000002100cf32790 code [0x000002100cf32940, 0x000002100cf32b68]
Event: 21.899 Thread 0x0000021021b6f800 12684       2       com.android.build.gradle.options.ProjectOptions$OptionValue::<init> (15 bytes)
Event: 21.899 Thread 0x0000021021b6f800 nmethod 12684 0x000002100cf32c10 code [0x000002100cf32dc0, 0x000002100cf32f58]
Event: 21.899 Thread 0x0000021021b6f800 12685       2       java.lang.Integer::toHexString (6 bytes)
Event: 21.899 Thread 0x0000021021b6f800 nmethod 12685 0x000002100cf33010 code [0x000002100cf331c0, 0x000002100cf332a8]
Event: 21.899 Thread 0x0000021021b6f800 12686       2       java.lang.Integer::toUnsignedString0 (78 bytes)
Event: 21.900 Thread 0x0000021021b6f800 nmethod 12686 0x000002100cf33390 code [0x000002100cf33560, 0x000002100cf33818]
Event: 21.907 Thread 0x0000021021b6f800 12687       2       org.gradle.api.internal.artifacts.DefaultPublishArtifactSet::<init> (47 bytes)
Event: 21.908 Thread 0x0000021021b6f800 nmethod 12687 0x000002100cf33990 code [0x000002100cf33b80, 0x000002100cf34158]
Event: 21.908 Thread 0x0000021021b6f800 12688       2       org.gradle.api.internal.artifacts.DefaultPublishArtifactSet$ArtifactsTaskDependency::<init> (6 bytes)
Event: 21.908 Thread 0x0000021021b6f800 nmethod 12688 0x000002100cf34310 code [0x000002100cf344c0, 0x000002100cf345f8]
Event: 21.908 Thread 0x0000021021b6f800 12689       2       org.gradle.api.internal.artifacts.DefaultPublishArtifactSet$ArtifactsTaskDependency::<init> (10 bytes)
Event: 21.908 Thread 0x0000021021b6f800 nmethod 12689 0x000002100cf34690 code [0x000002100cf34840, 0x000002100cf34978]
Event: 21.909 Thread 0x0000021021b6f800 12690       2       com.google.common.reflect.TypeToken::getCovariantTypeResolver (24 bytes)
Event: 21.910 Thread 0x0000021021b6f800 nmethod 12690 0x000002100cf34a10 code [0x000002100cf34c00, 0x000002100cf34ff8]
Event: 21.912 Thread 0x0000021021b6f800 12691       2       org.gradle.internal.service.DefaultServiceRegistry$CompositeServiceProvider::getFactory (49 bytes)
Event: 21.912 Thread 0x0000021021b6f800 nmethod 12691 0x000002100cf35190 code [0x000002100cf35360, 0x000002100cf35548]
Event: 21.913 Thread 0x0000021021b6f800 12692       1       org.gradle.internal.event.DefaultListenerManager::access$700 (5 bytes)
Event: 21.913 Thread 0x0000021021b6f800 nmethod 12692 0x00000210131e1e90 code [0x00000210131e2040, 0x00000210131e20d8]

GC Heap History (20 events):
Event: 12.605 GC heap before
{Heap before GC invocations=13 (full 0):
 garbage-first heap   total 155648K, used 116081K [0x0000000080000000, 0x0000000100000000)
  region size 1024K, 71 young (72704K), 8 survivors (8192K)
 Metaspace       used 69178K, capacity 70815K, committed 71040K, reserved 1110016K
  class space    used 8967K, capacity 9582K, committed 9600K, reserved 1048576K
}
Event: 12.615 GC heap after
{Heap after GC invocations=14 (full 0):
 garbage-first heap   total 155648K, used 56274K [0x0000000080000000, 0x0000000100000000)
  region size 1024K, 5 young (5120K), 5 survivors (5120K)
 Metaspace       used 69178K, capacity 70815K, committed 71040K, reserved 1110016K
  class space    used 8967K, capacity 9582K, committed 9600K, reserved 1048576K
}
Event: 13.833 GC heap before
{Heap before GC invocations=14 (full 0):
 garbage-first heap   total 155648K, used 119762K [0x0000000080000000, 0x0000000100000000)
  region size 1024K, 67 young (68608K), 5 survivors (5120K)
 Metaspace       used 75881K, capacity 77655K, committed 77952K, reserved 1116160K
  class space    used 9912K, capacity 10578K, committed 10624K, reserved 1048576K
}
Event: 13.844 GC heap after
{Heap after GC invocations=15 (full 0):
 garbage-first heap   total 155648K, used 60416K [0x0000000080000000, 0x0000000100000000)
  region size 1024K, 4 young (4096K), 4 survivors (4096K)
 Metaspace       used 75881K, capacity 77655K, committed 77952K, reserved 1116160K
  class space    used 9912K, capacity 10578K, committed 10624K, reserved 1048576K
}
Event: 14.823 GC heap before
{Heap before GC invocations=15 (full 0):
 garbage-first heap   total 155648K, used 122880K [0x0000000080000000, 0x0000000100000000)
  region size 1024K, 65 young (66560K), 4 survivors (4096K)
 Metaspace       used 80353K, capacity 82518K, committed 82688K, reserved 1120256K
  class space    used 10600K, capacity 11430K, committed 11520K, reserved 1048576K
}
Event: 14.837 GC heap after
{Heap after GC invocations=16 (full 0):
 garbage-first heap   total 155648K, used 64708K [0x0000000080000000, 0x0000000100000000)
  region size 1024K, 9 young (9216K), 9 survivors (9216K)
 Metaspace       used 80353K, capacity 82518K, committed 82688K, reserved 1120256K
  class space    used 10600K, capacity 11430K, committed 11520K, reserved 1048576K
}
Event: 15.627 GC heap before
{Heap before GC invocations=16 (full 0):
 garbage-first heap   total 155648K, used 123076K [0x0000000080000000, 0x0000000100000000)
  region size 1024K, 67 young (68608K), 9 survivors (9216K)
 Metaspace       used 81159K, capacity 83322K, committed 83456K, reserved 1122304K
  class space    used 10659K, capacity 11500K, committed 11520K, reserved 1048576K
}
Event: 15.641 GC heap after
{Heap after GC invocations=17 (full 0):
 garbage-first heap   total 155648K, used 69233K [0x0000000080000000, 0x0000000100000000)
  region size 1024K, 9 young (9216K), 9 survivors (9216K)
 Metaspace       used 81159K, capacity 83322K, committed 83456K, reserved 1122304K
  class space    used 10659K, capacity 11500K, committed 11520K, reserved 1048576K
}
Event: 16.183 GC heap before
{Heap before GC invocations=17 (full 0):
 garbage-first heap   total 155648K, used 124529K [0x0000000080000000, 0x0000000100000000)
  region size 1024K, 64 young (65536K), 9 survivors (9216K)
 Metaspace       used 83290K, capacity 85532K, committed 85760K, reserved 1124352K
  class space    used 10873K, capacity 11716K, committed 11776K, reserved 1048576K
}
Event: 16.197 GC heap after
{Heap after GC invocations=18 (full 0):
 garbage-first heap   total 187392K, used 73720K [0x0000000080000000, 0x0000000100000000)
  region size 1024K, 5 young (5120K), 5 survivors (5120K)
 Metaspace       used 83290K, capacity 85532K, committed 85760K, reserved 1124352K
  class space    used 10873K, capacity 11716K, committed 11776K, reserved 1048576K
}
Event: 17.963 GC heap before
{Heap before GC invocations=18 (full 0):
 garbage-first heap   total 187392K, used 143352K [0x0000000080000000, 0x0000000100000000)
  region size 1024K, 72 young (73728K), 5 survivors (5120K)
 Metaspace       used 91308K, capacity 93816K, committed 93952K, reserved 1130496K
  class space    used 11849K, capacity 12771K, committed 12800K, reserved 1048576K
}
Event: 17.972 GC heap after
{Heap after GC invocations=19 (full 0):
 garbage-first heap   total 187392K, used 76964K [0x0000000080000000, 0x0000000100000000)
  region size 1024K, 7 young (7168K), 7 survivors (7168K)
 Metaspace       used 91308K, capacity 93816K, committed 93952K, reserved 1130496K
  class space    used 11849K, capacity 12771K, committed 12800K, reserved 1048576K
}
Event: 18.811 GC heap before
{Heap before GC invocations=19 (full 0):
 garbage-first heap   total 187392K, used 144548K [0x0000000080000000, 0x0000000100000000)
  region size 1024K, 74 young (75776K), 7 survivors (7168K)
 Metaspace       used 95108K, capacity 97764K, committed 97920K, reserved 1134592K
  class space    used 12392K, capacity 13386K, committed 13440K, reserved 1048576K
}
Event: 18.824 GC heap after
{Heap after GC invocations=20 (full 0):
 garbage-first heap   total 187392K, used 77853K [0x0000000080000000, 0x0000000100000000)
  region size 1024K, 6 young (6144K), 6 survivors (6144K)
 Metaspace       used 95108K, capacity 97764K, committed 97920K, reserved 1134592K
  class space    used 12392K, capacity 13386K, committed 13440K, reserved 1048576K
}
Event: 19.058 GC heap before
{Heap before GC invocations=20 (full 0):
 garbage-first heap   total 187392K, used 87069K [0x0000000080000000, 0x0000000100000000)
  region size 1024K, 16 young (16384K), 6 survivors (6144K)
 Metaspace       used 97716K, capacity 100586K, committed 100696K, reserved 1136640K
  class space    used 12834K, capacity 13946K, committed 13952K, reserved 1048576K
}
Event: 19.066 GC heap after
{Heap after GC invocations=21 (full 0):
 garbage-first heap   total 187392K, used 78859K [0x0000000080000000, 0x0000000100000000)
  region size 1024K, 7 young (7168K), 7 survivors (7168K)
 Metaspace       used 97716K, capacity 100586K, committed 100696K, reserved 1136640K
  class space    used 12834K, capacity 13946K, committed 13952K, reserved 1048576K
}
Event: 20.060 GC heap before
{Heap before GC invocations=22 (full 0):
 garbage-first heap   total 187392K, used 145419K [0x0000000080000000, 0x0000000100000000)
  region size 1024K, 73 young (74752K), 7 survivors (7168K)
 Metaspace       used 105788K, capacity 109220K, committed 109320K, reserved 1142784K
  class space    used 14288K, capacity 15647K, committed 15716K, reserved 1048576K
}
Event: 20.071 GC heap after
{Heap after GC invocations=23 (full 0):
 garbage-first heap   total 187392K, used 80194K [0x0000000080000000, 0x0000000100000000)
  region size 1024K, 7 young (7168K), 7 survivors (7168K)
 Metaspace       used 105788K, capacity 109220K, committed 109320K, reserved 1142784K
  class space    used 14288K, capacity 15647K, committed 15716K, reserved 1048576K
}
Event: 21.787 GC heap before
{Heap before GC invocations=24 (full 0):
 garbage-first heap   total 187392K, used 158018K [0x0000000080000000, 0x0000000100000000)
  region size 1024K, 74 young (75776K), 7 survivors (7168K)
 Metaspace       used 110040K, capacity 113675K, committed 113800K, reserved 1146880K
  class space    used 14804K, capacity 16239K, committed 16356K, reserved 1048576K
}
Event: 21.802 GC heap after
{Heap after GC invocations=25 (full 0):
 garbage-first heap   total 187392K, used 85409K [0x0000000080000000, 0x0000000100000000)
  region size 1024K, 9 young (9216K), 9 survivors (9216K)
 Metaspace       used 110040K, capacity 113675K, committed 113800K, reserved 1146880K
  class space    used 14804K, capacity 16239K, committed 16356K, reserved 1048576K
}

Deoptimization events (20 events):
Event: 21.003 Thread 0x0000021023837800 DEOPT UNPACKING pc=0x000002100b1f6dde sp=0x00000014681fe5d0 mode 0
Event: 21.003 Thread 0x0000021023836000 DEOPT PACKING pc=0x000002100c780f04 sp=0x00000014680ff410
Event: 21.003 Thread 0x0000021023838800 DEOPT UNPACKING pc=0x000002100b1f6dde sp=0x00000014682fe550 mode 0
Event: 21.003 Thread 0x0000021023836000 DEOPT UNPACKING pc=0x000002100b1f6dde sp=0x00000014680fe9d0 mode 0
Event: 21.004 Thread 0x000002102383b000 DEOPT PACKING pc=0x000002100c780f04 sp=0x00000014685fefb0
Event: 21.004 Thread 0x000002102383b000 DEOPT UNPACKING pc=0x000002100b1f6dde sp=0x00000014685fe570 mode 0
Event: 21.004 Thread 0x0000021023839000 DEOPT PACKING pc=0x000002100c780f04 sp=0x00000014683ff2c0
Event: 21.004 Thread 0x0000021023839000 DEOPT UNPACKING pc=0x000002100b1f6dde sp=0x00000014683fe880 mode 0
Event: 21.033 Thread 0x00000210236c8000 Uncommon trap: trap_request=0xffffff4d fr.pc=0x00000210130b2188 relative=0x00000000000004e8
Event: 21.033 Thread 0x00000210236c8000 Uncommon trap: reason=unstable_if action=reinterpret pc=0x00000210130b2188 method=com.esotericsoftware.kryo.io.Input.require(I)I @ 180 c2
Event: 21.033 Thread 0x00000210236c8000 DEOPT PACKING pc=0x00000210130b2188 sp=0x000000145fcfedf0
Event: 21.033 Thread 0x00000210236c8000 DEOPT UNPACKING pc=0x000002100b1f662f sp=0x000000145fcfec60 mode 2
Event: 21.534 Thread 0x00000210254c9800 DEOPT PACKING pc=0x000002100bc13c79 sp=0x000000145fefb900
Event: 21.534 Thread 0x00000210254c9800 DEOPT UNPACKING pc=0x000002100b1f6dde sp=0x000000145fefadd0 mode 0
Event: 21.573 Thread 0x00000210254c9800 DEOPT PACKING pc=0x000002100c3c16dd sp=0x000000145fef9160
Event: 21.574 Thread 0x00000210254c9800 DEOPT UNPACKING pc=0x000002100b1f6dde sp=0x000000145fef8618 mode 0
Event: 21.873 Thread 0x0000021029823800 Uncommon trap: trap_request=0xffffff4d fr.pc=0x0000021013186710 relative=0x0000000000000350
Event: 21.873 Thread 0x0000021029823800 Uncommon trap: reason=unstable_if action=reinterpret pc=0x0000021013186710 method=java.util.concurrent.ConcurrentLinkedQueue.offer(Ljava/lang/Object;)Z @ 42 c2
Event: 21.873 Thread 0x0000021029823800 DEOPT PACKING pc=0x0000021013186710 sp=0x00000014669fe3b0
Event: 21.873 Thread 0x0000021029823800 DEOPT UNPACKING pc=0x000002100b1f662f sp=0x00000014669fe350 mode 2

Classes redefined (0 events):
No events

Internal exceptions (20 events):
Event: 19.507 Thread 0x0000021023836000 Exception <a 'sun/nio/fs/WindowsException'{0x0000000089a05538}> (0x0000000089a05538) thrown at [./src/hotspot/share/prims/jni.cpp, line 615]
Event: 19.507 Thread 0x0000021023837800 Exception <a 'sun/nio/fs/WindowsException'{0x0000000089bff010}> (0x0000000089bff010) thrown at [./src/hotspot/share/prims/jni.cpp, line 615]
Event: 19.507 Thread 0x0000021023838800 Exception <a 'sun/nio/fs/WindowsException'{0x0000000089bf51a8}> (0x0000000089bf51a8) thrown at [./src/hotspot/share/prims/jni.cpp, line 615]
Event: 19.548 Thread 0x0000021029826000 Exception <a 'java/lang/NoSuchMethodError'{0x000000008982b190}: <clinit>> (0x000000008982b190) thrown at [./src/hotspot/share/prims/jni.cpp, line 1362]
Event: 19.624 Thread 0x000002102383a000 Exception <a 'sun/nio/fs/WindowsException'{0x0000000088dbcf28}> (0x0000000088dbcf28) thrown at [./src/hotspot/share/prims/jni.cpp, line 615]
Event: 19.778 Thread 0x000002102383a000 Exception <a 'sun/nio/fs/WindowsException'{0x0000000088757c78}> (0x0000000088757c78) thrown at [./src/hotspot/share/prims/jni.cpp, line 615]
Event: 20.374 Thread 0x0000021029826000 Exception <a 'java/lang/NoSuchMethodError'{0x0000000089e7f960}: <clinit>> (0x0000000089e7f960) thrown at [./src/hotspot/share/prims/jni.cpp, line 1362]
Event: 20.376 Thread 0x0000021029826000 Exception <a 'java/lang/NoSuchMethodError'{0x0000000089e92468}: <clinit>> (0x0000000089e92468) thrown at [./src/hotspot/share/prims/jni.cpp, line 1362]
Event: 20.444 Thread 0x0000021023839000 Exception <a 'sun/nio/fs/WindowsException'{0x0000000089bed7f8}> (0x0000000089bed7f8) thrown at [./src/hotspot/share/prims/jni.cpp, line 615]
Event: 20.450 Thread 0x0000021023839000 Implicit null exception at 0x0000021012de1884 to 0x0000021012de5338
Event: 20.530 Thread 0x0000021023839000 Exception <a 'java/lang/NoSuchMethodError'{0x0000000089609c08}: 'java.lang.Object java.lang.invoke.DirectMethodHandle$Holder.invokeStatic(java.lang.Object, java.lang.Object, java.lang.Object, java.lang.Object, java.lang.Object, int, java.lang.Object)'> (0x0000000089609c08) thrown at [./src/hotspot/share/interpreter/linkResolver.cpp, line 773]
Event: 20.531 Thread 0x0000021023839000 Exception <a 'java/lang/NoSuchMethodError'{0x00000000896112c0}: 'java.lang.Object java.lang.invoke.Invokers$Holder.linkToTargetMethod(java.lang.Object, java.lang.Object, java.lang.Object, java.lang.Object, int, java.lang.Object, java.lang.Object)'> (0x00000000896112c0) thrown at [./src/hotspot/share/interpreter/linkResolver.cpp, line 773]
Event: 20.583 Thread 0x0000021023839000 Exception <a 'java/lang/NoSuchMethodError'{0x000000008920f660}: 'java.lang.Object java.lang.invoke.DirectMethodHandle$Holder.invokeStatic(java.lang.Object, java.lang.Object, java.lang.Object, java.lang.Object, java.lang.Object, java.lang.Object, java.lang.Object, int)'> (0x000000008920f660) thrown at [./src/hotspot/share/interpreter/linkResolver.cpp, line 773]
Event: 20.583 Thread 0x0000021023839000 Exception <a 'java/lang/NoSuchMethodError'{0x0000000089213ce8}: 'java.lang.Object java.lang.invoke.DirectMethodHandle$Holder.invokeSpecial(java.lang.Object, java.lang.Object, java.lang.Object, java.lang.Object, java.lang.Object, java.lang.Object, java.lang.Object, java.lang.Object, int)'> (0x0000000089213ce8) thrown at [./src/hotspot/share/interpreter/linkResolver.cpp, line 773]
Event: 20.583 Thread 0x0000021023839000 Exception <a 'java/lang/NoSuchMethodError'{0x0000000089217cf0}: 'java.lang.Object java.lang.invoke.Invokers$Holder.linkToTargetMethod(java.lang.Object, java.lang.Object, java.lang.Object, java.lang.Object, java.lang.Object, java.lang.Object, int, java.lang.Object)'> (0x0000000089217cf0) thrown at [./src/hotspot/share/interpreter/linkResolver.cpp, line 773]
Event: 20.833 Thread 0x0000021023839000 Exception <a 'java/lang/NoSuchMethodError'{0x00000000885f0148}: 'java.lang.Object java.lang.invoke.DirectMethodHandle$Holder.invokeVirtual(java.lang.Object, java.lang.Object, int)'> (0x00000000885f0148) thrown at [./src/hotspot/share/interpreter/linkResolver.cpp, line 773]
Event: 20.904 Thread 0x00000210254c9800 Exception <a 'sun/nio/fs/WindowsException'{0x0000000088377f18}> (0x0000000088377f18) thrown at [./src/hotspot/share/prims/jni.cpp, line 615]
Event: 20.904 Thread 0x00000210254c9800 Exception <a 'sun/nio/fs/WindowsException'{0x0000000088377f98}> (0x0000000088377f98) thrown at [./src/hotspot/share/prims/jni.cpp, line 615]
Event: 20.904 Thread 0x00000210254c9800 Exception <a 'sun/nio/fs/WindowsException'{0x0000000088379998}> (0x0000000088379998) thrown at [./src/hotspot/share/prims/jni.cpp, line 615]
Event: 20.946 Thread 0x00000210254c9800 Exception <a 'java/lang/NoSuchMethodError'{0x000000008813f1b0}: 'java.lang.Object java.lang.invoke.DirectMethodHandle$Holder.invokeSpecial(java.lang.Object, java.lang.Object, java.lang.Object, java.lang.Object, int, java.lang.Object, java.lang.Object)'> (0x000000008813f1b0) thrown at [./src/hotspot/share/interpreter/linkResolver.cpp, line 773]

Events (20 events):
Event: 21.828 Thread 0x000002102577e000 Thread added: 0x000002102577e000
Event: 21.828 Thread 0x000002102577a800 Thread added: 0x000002102577a800
Event: 21.829 Thread 0x0000021025781000 Thread added: 0x0000021025781000
Event: 21.829 Thread 0x0000021025782000 Thread added: 0x0000021025782000
Event: 21.829 Thread 0x0000021023358000 Thread added: 0x0000021023358000
Event: 21.829 Thread 0x000002102335a800 Thread added: 0x000002102335a800
Event: 21.829 Thread 0x000002102335b800 Thread added: 0x000002102335b800
Event: 21.829 Thread 0x000002102335c000 Thread added: 0x000002102335c000
Event: 21.830 Thread 0x0000021023356800 Thread added: 0x0000021023356800
Event: 21.830 Thread 0x000002102335d000 Thread added: 0x000002102335d000
Event: 21.830 Thread 0x0000021023357800 Thread added: 0x0000021023357800
Event: 21.830 Thread 0x000002102335a000 Thread added: 0x000002102335a000
Event: 21.830 Thread 0x0000021023359000 Thread added: 0x0000021023359000
Event: 21.830 Thread 0x000002102a376000 Thread added: 0x000002102a376000
Event: 21.833 Thread 0x000002102a374800 Thread added: 0x000002102a374800
Event: 21.834 Thread 0x000002102a377800 Thread added: 0x000002102a377800
Event: 21.834 Thread 0x000002102a378800 Thread added: 0x000002102a378800
Event: 21.834 Thread 0x000002102a372800 Thread added: 0x000002102a372800
Event: 21.834 Thread 0x000002102a377000 Thread added: 0x000002102a377000
Event: 21.834 Thread 0x000002102a379000 Thread added: 0x000002102a379000


Dynamic libraries:
0x00007ff616580000 - 0x00007ff61658a000 	C:\Program Files\Android\Android Studio\jre\bin\java.exe
0x00007ffd09440000 - 0x00007ffd09649000 	C:\WINDOWS\SYSTEM32\ntdll.dll
0x00007ffd087c0000 - 0x00007ffd0887d000 	C:\WINDOWS\System32\KERNEL32.DLL
0x00007ffd06ee0000 - 0x00007ffd07254000 	C:\WINDOWS\System32\KERNELBASE.dll
0x00007ffd06dc0000 - 0x00007ffd06ed1000 	C:\WINDOWS\System32\ucrtbase.dll
0x00007ffcec4c0000 - 0x00007ffcec4d9000 	C:\Program Files\Android\Android Studio\jre\bin\jli.dll
0x00007ffcec4a0000 - 0x00007ffcec4b7000 	C:\Program Files\Android\Android Studio\jre\bin\VCRUNTIME140.dll
0x00007ffd09250000 - 0x00007ffd093fc000 	C:\WINDOWS\System32\USER32.dll
0x00007ffce8a60000 - 0x00007ffce8d05000 	C:\WINDOWS\WinSxS\amd64_microsoft.windows.common-controls_6595b64144ccf1df_6.0.22000.120_none_9d947278b86cc467\COMCTL32.dll
0x00007ffd06c20000 - 0x00007ffd06c46000 	C:\WINDOWS\System32\win32u.dll
0x00007ffd08570000 - 0x00007ffd08613000 	C:\WINDOWS\System32\msvcrt.dll
0x00007ffd08e40000 - 0x00007ffd08e69000 	C:\WINDOWS\System32\GDI32.dll
0x00007ffd069a0000 - 0x00007ffd06ab2000 	C:\WINDOWS\System32\gdi32full.dll
0x00007ffd06b80000 - 0x00007ffd06c1d000 	C:\WINDOWS\System32\msvcp_win.dll
0x00007ffd08530000 - 0x00007ffd08561000 	C:\WINDOWS\System32\IMM32.DLL
0x00007ffceb2d0000 - 0x00007ffceb36d000 	C:\Program Files\Android\Android Studio\jre\bin\msvcp140.dll
0x00007ffc80660000 - 0x00007ffc81135000 	C:\Program Files\Android\Android Studio\jre\bin\server\jvm.dll
0x00007ffd07370000 - 0x00007ffd0741e000 	C:\WINDOWS\System32\ADVAPI32.dll
0x00007ffd08c80000 - 0x00007ffd08d1e000 	C:\WINDOWS\System32\sechost.dll
0x00007ffd08620000 - 0x00007ffd08740000 	C:\WINDOWS\System32\RPCRT4.dll
0x00007ffd08c70000 - 0x00007ffd08c78000 	C:\WINDOWS\System32\PSAPI.DLL
0x00007ffce9d10000 - 0x00007ffce9d19000 	C:\WINDOWS\SYSTEM32\WSOCK32.dll
0x00007ffd07300000 - 0x00007ffd0736f000 	C:\WINDOWS\System32\WS2_32.dll
0x00007ffcffbb0000 - 0x00007ffcffbe3000 	C:\WINDOWS\SYSTEM32\WINMM.dll
0x00007ffcfeaa0000 - 0x00007ffcfeaaa000 	C:\WINDOWS\SYSTEM32\VERSION.dll
0x00007ffd059f0000 - 0x00007ffd05a08000 	C:\WINDOWS\SYSTEM32\kernel.appcore.dll
0x00007ffd01cf0000 - 0x00007ffd01d01000 	C:\Program Files\Android\Android Studio\jre\bin\verify.dll
0x00007ffd03c10000 - 0x00007ffd03e31000 	C:\WINDOWS\SYSTEM32\DBGHELP.DLL
0x00007ffced280000 - 0x00007ffced2b1000 	C:\WINDOWS\SYSTEM32\dbgcore.DLL
0x00007ffd07260000 - 0x00007ffd072df000 	C:\WINDOWS\System32\bcryptPrimitives.dll
0x00007ffce75b0000 - 0x00007ffce75d9000 	C:\Program Files\Android\Android Studio\jre\bin\java.dll
0x00007ffd02380000 - 0x00007ffd0238b000 	C:\Program Files\Android\Android Studio\jre\bin\jimage.dll
0x00007ffce6ca0000 - 0x00007ffce6cb8000 	C:\Program Files\Android\Android Studio\jre\bin\zip.dll
0x00007ffd07890000 - 0x00007ffd0803f000 	C:\WINDOWS\System32\SHELL32.dll
0x00007ffd04a60000 - 0x00007ffd052c8000 	C:\WINDOWS\SYSTEM32\windows.storage.dll
0x00007ffd08ed0000 - 0x00007ffd09248000 	C:\WINDOWS\System32\combase.dll
0x00007ffd048f0000 - 0x00007ffd04a56000 	C:\WINDOWS\SYSTEM32\wintypes.dll
0x00007ffd081a0000 - 0x00007ffd0828a000 	C:\WINDOWS\System32\SHCORE.dll
0x00007ffd089f0000 - 0x00007ffd08a4d000 	C:\WINDOWS\System32\shlwapi.dll
0x00007ffd06860000 - 0x00007ffd06881000 	C:\WINDOWS\SYSTEM32\profapi.dll
0x00007ffce6c80000 - 0x00007ffce6c9a000 	C:\Program Files\Android\Android Studio\jre\bin\net.dll
0x00007ffcffe20000 - 0x00007ffcfff2c000 	C:\WINDOWS\SYSTEM32\WINHTTP.dll
0x00007ffd05e10000 - 0x00007ffd05e77000 	C:\WINDOWS\system32\mswsock.dll
0x00007ffce6c60000 - 0x00007ffce6c74000 	C:\Program Files\Android\Android Studio\jre\bin\nio.dll
0x00007ffccf960000 - 0x00007ffccf987000 	C:\Users\Miruna\.gradle\native\e1d6ef7f7dcc3fd88c89a11ec53ec762bb8ba0a96d01ffa2cd45eb1d1d8dd5c5\windows-amd64\native-platform.dll
0x00007ffcd0270000 - 0x00007ffcd03b4000 	C:\Users\Miruna\.gradle\native\5664cfc778a61ccfe75a443a1ab52a65af34e5dc3c78e0209fed803814484fcb\windows-amd64\native-platform-file-events.dll
0x00007ffd022e0000 - 0x00007ffd022ea000 	C:\Program Files\Android\Android Studio\jre\bin\management.dll
0x00007ffce7880000 - 0x00007ffce788d000 	C:\Program Files\Android\Android Studio\jre\bin\management_ext.dll
0x00007ffd060e0000 - 0x00007ffd060f8000 	C:\WINDOWS\SYSTEM32\CRYPTSP.dll
0x00007ffd05950000 - 0x00007ffd05985000 	C:\WINDOWS\system32\rsaenh.dll
0x00007ffd05eb0000 - 0x00007ffd05ed9000 	C:\WINDOWS\SYSTEM32\USERENV.dll
0x00007ffd06220000 - 0x00007ffd06247000 	C:\WINDOWS\SYSTEM32\bcrypt.dll
0x00007ffd06000000 - 0x00007ffd0600c000 	C:\WINDOWS\SYSTEM32\CRYPTBASE.dll
0x00007ffd05520000 - 0x00007ffd0554d000 	C:\WINDOWS\SYSTEM32\IPHLPAPI.DLL
0x00007ffd08510000 - 0x00007ffd08519000 	C:\WINDOWS\System32\NSI.dll
0x00007ffd003f0000 - 0x00007ffd00409000 	C:\WINDOWS\SYSTEM32\dhcpcsvc6.DLL
0x00007ffd008a0000 - 0x00007ffd008be000 	C:\WINDOWS\SYSTEM32\dhcpcsvc.DLL
0x00007ffd05590000 - 0x00007ffd05678000 	C:\WINDOWS\SYSTEM32\DNSAPI.dll
0x00007ffce7580000 - 0x00007ffce75a7000 	C:\Program Files\Android\Android Studio\jre\bin\sunec.dll

dbghelp: loaded successfully - version: 4.0.5 - missing functions: none
symbol engine: initialized successfully - sym options: 0x614 - pdb path: .;C:\Program Files\Android\Android Studio\jre\bin;C:\WINDOWS\SYSTEM32;C:\WINDOWS\WinSxS\amd64_microsoft.windows.common-controls_6595b64144ccf1df_6.0.22000.120_none_9d947278b86cc467;C:\Program Files\Android\Android Studio\jre\bin\server;C:\Users\Miruna\.gradle\native\e1d6ef7f7dcc3fd88c89a11ec53ec762bb8ba0a96d01ffa2cd45eb1d1d8dd5c5\windows-amd64;C:\Users\Miruna\.gradle\native\5664cfc778a61ccfe75a443a1ab52a65af34e5dc3c78e0209fed803814484fcb\windows-amd64

VM Arguments:
jvm_args: --add-opens=java.base/java.util=ALL-UNNAMED --add-opens=java.base/java.lang=ALL-UNNAMED --add-opens=java.base/java.lang.invoke=ALL-UNNAMED --add-opens=java.base/java.util=ALL-UNNAMED --add-opens=java.prefs/java.util.prefs=ALL-UNNAMED --add-opens=java.prefs/java.util.prefs=ALL-UNNAMED --add-opens=java.base/java.nio.charset=ALL-UNNAMED --add-opens=java.base/java.net=ALL-UNNAMED --add-opens=java.base/java.util.concurrent.atomic=ALL-UNNAMED -Xmx2048m -Dfile.encoding=UTF-8 -Duser.country=US -Duser.language=en -Duser.variant 
java_command: org.gradle.launcher.daemon.bootstrap.GradleDaemon 7.2
java_class_path (initial): C:\Users\Miruna\.gradle\wrapper\dists\gradle-7.2-bin\2dnblmf4td7x66yl1d74lt32g\gradle-7.2\lib\gradle-launcher-7.2.jar
Launcher Type: SUN_STANDARD

[Global flags]
     intx CICompilerCount                          = 4                                         {product} {ergonomic}
     uint ConcGCThreads                            = 2                                         {product} {ergonomic}
     uint G1ConcRefinementThreads                  = 8                                         {product} {ergonomic}
   size_t G1HeapRegionSize                         = 1048576                                   {product} {ergonomic}
    uintx GCDrainStackTargetSize                   = 64                                        {product} {ergonomic}
   size_t InitialHeapSize                          = 132120576                                 {product} {ergonomic}
   size_t MarkStackSize                            = 4194304                                   {product} {ergonomic}
   size_t MaxHeapSize                              = 2147483648                                {product} {command line}
   size_t MaxNewSize                               = 1287651328                                {product} {ergonomic}
   size_t MinHeapDeltaBytes                        = 1048576                                   {product} {ergonomic}
    uintx NonNMethodCodeHeapSize                   = 5836300                                {pd product} {ergonomic}
    uintx NonProfiledCodeHeapSize                  = 122910970                              {pd product} {ergonomic}
    uintx ProfiledCodeHeapSize                     = 122910970                              {pd product} {ergonomic}
    uintx ReservedCodeCacheSize                    = 251658240                              {pd product} {ergonomic}
     bool SegmentedCodeCache                       = true                                      {product} {ergonomic}
     bool UseCompressedClassPointers               = true                                 {lp64_product} {ergonomic}
     bool UseCompressedOops                        = true                                 {lp64_product} {ergonomic}
     bool UseG1GC                                  = true                                      {product} {ergonomic}
     bool UseLargePagesIndividualAllocation        = false                                  {pd product} {ergonomic}

Logging:
Log output configuration:
 #0: stdout all=warning uptime,level,tags
 #1: stderr all=off uptime,level,tags

Environment Variables:
JAVA_HOME=C:\Program Files\Java\jdk-13.0.1
PATH=C:\Program Files\Common Files\Oracle\Java\javapath;C:\oraclexe\app\oracle\product\11.2.0\server\bin;C:\Program Files\AdoptOpenJDK\jdk-11.0.10.9-hotspot\bin;C:\Program Files (x86)\Common Files\Oracle\Java\javapath;C:\WINDOWS\system32;C:\WINDOWS;C:\WINDOWS\System32\Wbem;C:\WINDOWS\System32\WindowsPowerShell\v1.0\;C:\WINDOWS\System32\OpenSSH\;C:\Program Files\dotnet\;C:\Program Files\Microsoft SQL Server\130\Tools\Binn\;C:\ProgramData\chocolatey\bin;C:\Program Files\Git\cmd;C:\Program Files\Java\jdk-13.0.1\bin;C:\Program Files\Maven\apache-maven-3.8.1\bin;C:\Program Files\nodejs\;C:\Users\Miruna\AppData\Local\Programs\Python\Python39\Scripts\;C:\Users\Miruna\AppData\Local\Programs\Python\Python39\;C:\Program Files\MySQL\MySQL Shell 8.0\bin\;C:\Users\Miruna\AppData\Local\Microsoft\WindowsApps;C:\Users\Miruna\AppData\Local\Programs\Microsoft VS Code\bin;C:\Users\Miruna\.dotnet\tools;C:\Users\Miruna\AppData\Roaming\cabal\bin;C:\ProgramData\chocolatey\lib\ghc\tools\ghc-8.10.2\bin;C:\tools\msys64;C:\Users\Miruna\AppData\Roaming\npm;%USERPROFILE%\AppData\Local\Microsoft\WindowsApps;
USERNAME=Miruna
OS=Windows_NT
PROCESSOR_IDENTIFIER=Intel64 Family 6 Model 142 Stepping 12, GenuineIntel



---------------  S Y S T E M  ---------------

OS: Windows 10 , 64 bit Build 22000 (10.0.22000.613)
OS uptime: 2 days 19:27 hours
Hyper-V role detected

CPU:total 8 (initial active 8) (4 cores per cpu, 2 threads per core) family 6 model 142 stepping 12 microcode 0xea, cmov, cx8, fxsr, mmx, sse, sse2, sse3, ssse3, sse4.1, sse4.2, popcnt, avx, avx2, aes, clmul, erms, 3dnowpref, lzcnt, ht, tsc, tscinvbit, bmi1, bmi2, adx, fma

Memory: 4k page, system-wide physical 7990M (74M free)
TotalPageFile size 27087M (AvailPageFile size 3M)
current process WorkingSet (physical memory assigned to process): 469M, peak: 470M
current process commit charge ("private bytes"): 503M, peak: 505M

vm_info: OpenJDK 64-Bit Server VM (11.0.11+9-b60-7590822) for windows-amd64 JRE (11.0.11+9-b60-7590822), built on Jul 29 2021 21:43:44 by "builder" with MS VC++ 14.0 (VS2015)

END.
